<?xml version="1.0" encoding="UTF-8"?>
<testsuite xmlns:xsi="http://www.w3.org/2001/XMLSchema-instance" xsi:noNamespaceSchemaLocation="https://maven.apache.org/surefire/maven-surefire-plugin/xsd/surefire-test-report.xsd" name="com.xumeng.test.TestIOderDao" time="2.884" tests="7" errors="7" skipped="0" failures="0">
  <properties>
[...]
</properties>
  <testcase name="userFindById" classname="com.xumeng.test.TestIOderDao" time="0.002">
    <error message="Failed to load ApplicationContext" type="java.lang.IllegalStateException">java.lang.IllegalStateException: Failed to load ApplicationContext
Caused by: org.springframework.beans.factory.UnsatisfiedDependencyException: Error creating bean with name 'userService': Unsatisfied dependency expressed through field 'passwordEncoder'; nested exception is org.springframework.beans.factory.NoSuchBeanDefinitionException: No qualifying bean of type 'org.springframework.security.crypto.password.PasswordEncoder' available: expected at least 1 bean which qualifies as autowire candidate. Dependency annotations: {@org.springframework.beans.factory.annotation.Autowired(required=true)}
Caused by: org.springframework.beans.factory.NoSuchBeanDefinitionException: No qualifying bean of type 'org.springframework.security.crypto.password.PasswordEncoder' available: expected at least 1 bean which qualifies as autowire candidate. Dependency annotations: {@org.springframework.beans.factory.annotation.Autowired(required=true)}
</error>
    <system-out><![CDATA[2020-04-25 21:46:33,740 0      [           main] DEBUG junit4.SpringJUnit4ClassRunner  - SpringJUnit4ClassRunner constructor called with [class com.xumeng.test.TestIOderDao]
2020-04-25 21:46:33,743 3      [           main] DEBUG rk.test.context.BootstrapUtils  - Instantiating CacheAwareContextLoaderDelegate from class [org.springframework.test.context.cache.DefaultCacheAwareContextLoaderDelegate]
2020-04-25 21:46:33,749 9      [           main] DEBUG rk.test.context.BootstrapUtils  - Instantiating BootstrapContext using constructor [public org.springframework.test.context.support.DefaultBootstrapContext(java.lang.Class,org.springframework.test.context.CacheAwareContextLoaderDelegate)]
2020-04-25 21:46:33,754 14     [           main] DEBUG rk.test.context.BootstrapUtils  - Instantiating TestContextBootstrapper for test class [com.xumeng.test.TestIOderDao] from class [org.springframework.test.context.support.DefaultTestContextBootstrapper]
2020-04-25 21:46:33,775 35     [           main] DEBUG ctDelegatingSmartContextLoader  - Delegating to GenericXmlContextLoader to process context configuration [ContextConfigurationAttributes@32709393 declaringClass = 'com.xumeng.test.TestIOderDao', classes = '{}', locations = '{classpath:applicationContext.xml}', inheritLocations = true, initializers = '{}', inheritInitializers = true, name = [null], contextLoaderClass = 'org.springframework.test.context.ContextLoader'].
2020-04-25 21:46:33,791 51     [           main] DEBUG xt.support.ActiveProfilesUtils  - Could not find an 'annotation declaring class' for annotation type [org.springframework.test.context.ActiveProfiles] and class [com.xumeng.test.TestIOderDao]
2020-04-25 21:46:33,791 51     [           main] DEBUG DefaultTestContextBootstrapper  - @TestExecutionListeners is not present for class [com.xumeng.test.TestIOderDao]: using defaults.
2020-04-25 21:46:33,792 52     [           main] INFO  DefaultTestContextBootstrapper  - Loaded default TestExecutionListener class names from location [META-INF/spring.factories]: [org.springframework.test.context.web.ServletTestExecutionListener, org.springframework.test.context.support.DirtiesContextBeforeModesTestExecutionListener, org.springframework.test.context.support.DependencyInjectionTestExecutionListener, org.springframework.test.context.support.DirtiesContextTestExecutionListener, org.springframework.test.context.transaction.TransactionalTestExecutionListener, org.springframework.test.context.jdbc.SqlScriptsTestExecutionListener]
2020-04-25 21:46:33,806 66     [           main] INFO  DefaultTestContextBootstrapper  - Using TestExecutionListeners: [org.springframework.test.context.web.ServletTestExecutionListener@44c8afef, org.springframework.test.context.support.DirtiesContextBeforeModesTestExecutionListener@7b69c6ba, org.springframework.test.context.support.DependencyInjectionTestExecutionListener@46daef40, org.springframework.test.context.support.DirtiesContextTestExecutionListener@12f41634, org.springframework.test.context.transaction.TransactionalTestExecutionListener@13c27452, org.springframework.test.context.jdbc.SqlScriptsTestExecutionListener@262b2c86]
2020-04-25 21:46:33,807 67     [           main] DEBUG t.annotation.ProfileValueUtils  - Retrieved @ProfileValueSourceConfiguration [null] for test class [com.xumeng.test.TestIOderDao]
2020-04-25 21:46:33,807 67     [           main] DEBUG t.annotation.ProfileValueUtils  - Retrieved ProfileValueSource type [class org.springframework.test.annotation.SystemProfileValueSource] for class [com.xumeng.test.TestIOderDao]
2020-04-25 21:46:33,809 69     [           main] DEBUG t.annotation.ProfileValueUtils  - Retrieved @ProfileValueSourceConfiguration [null] for test class [com.xumeng.test.TestIOderDao]
2020-04-25 21:46:33,809 69     [           main] DEBUG t.annotation.ProfileValueUtils  - Retrieved ProfileValueSource type [class org.springframework.test.annotation.SystemProfileValueSource] for class [com.xumeng.test.TestIOderDao]
2020-04-25 21:46:33,809 69     [           main] DEBUG t.annotation.ProfileValueUtils  - Retrieved @ProfileValueSourceConfiguration [null] for test class [com.xumeng.test.TestIOderDao]
2020-04-25 21:46:33,809 69     [           main] DEBUG t.annotation.ProfileValueUtils  - Retrieved ProfileValueSource type [class org.springframework.test.annotation.SystemProfileValueSource] for class [com.xumeng.test.TestIOderDao]
2020-04-25 21:46:33,811 71     [           main] DEBUG esContextTestExecutionListener  - Before test class: context [DefaultTestContext@1b26f7b2 testClass = TestIOderDao, testInstance = [null], testMethod = [null], testException = [null], mergedContextConfiguration = [MergedContextConfiguration@491cc5c9 testClass = TestIOderDao, locations = '{classpath:applicationContext.xml}', classes = '{}', contextInitializerClasses = '[]', activeProfiles = '{}', propertySourceLocations = '{}', propertySourceProperties = '{}', contextCustomizers = set[[empty]], contextLoader = 'org.springframework.test.context.support.DelegatingSmartContextLoader', parent = [null]], attributes = map[[empty]]], class annotated with @DirtiesContext [false] with mode [null].
2020-04-25 21:46:33,811 71     [           main] DEBUG t.annotation.ProfileValueUtils  - Retrieved @ProfileValueSourceConfiguration [null] for test class [com.xumeng.test.TestIOderDao]
2020-04-25 21:46:33,811 71     [           main] DEBUG t.annotation.ProfileValueUtils  - Retrieved ProfileValueSource type [class org.springframework.test.annotation.SystemProfileValueSource] for class [com.xumeng.test.TestIOderDao]
2020-04-25 21:46:33,812 72     [           main] DEBUG InjectionTestExecutionListener  - Performing dependency injection for test context [[DefaultTestContext@1b26f7b2 testClass = TestIOderDao, testInstance = com.xumeng.test.TestIOderDao@b7dd107, testMethod = [null], testException = [null], mergedContextConfiguration = [MergedContextConfiguration@491cc5c9 testClass = TestIOderDao, locations = '{classpath:applicationContext.xml}', classes = '{}', contextInitializerClasses = '[]', activeProfiles = '{}', propertySourceLocations = '{}', propertySourceProperties = '{}', contextCustomizers = set[[empty]], contextLoader = 'org.springframework.test.context.support.DelegatingSmartContextLoader', parent = [null]], attributes = map[[empty]]]].
2020-04-25 21:46:33,813 73     [           main] DEBUG ctDelegatingSmartContextLoader  - Delegating to GenericXmlContextLoader to load context from [MergedContextConfiguration@491cc5c9 testClass = TestIOderDao, locations = '{classpath:applicationContext.xml}', classes = '{}', contextInitializerClasses = '[]', activeProfiles = '{}', propertySourceLocations = '{}', propertySourceProperties = '{}', contextCustomizers = set[[empty]], contextLoader = 'org.springframework.test.context.support.DelegatingSmartContextLoader', parent = [null]].
2020-04-25 21:46:33,813 73     [           main] DEBUG t.AbstractGenericContextLoader  - Loading ApplicationContext for merged context configuration [[MergedContextConfiguration@491cc5c9 testClass = TestIOderDao, locations = '{classpath:applicationContext.xml}', classes = '{}', contextInitializerClasses = '[]', activeProfiles = '{}', propertySourceLocations = '{}', propertySourceProperties = '{}', contextCustomizers = set[[empty]], contextLoader = 'org.springframework.test.context.support.DelegatingSmartContextLoader', parent = [null]]].
2020-04-25 21:46:33,847 107    [           main] DEBUG k.core.env.StandardEnvironment  - Adding PropertySource 'systemProperties' with lowest search precedence
2020-04-25 21:46:33,848 108    [           main] DEBUG k.core.env.StandardEnvironment  - Adding PropertySource 'systemEnvironment' with lowest search precedence
2020-04-25 21:46:33,848 108    [           main] DEBUG k.core.env.StandardEnvironment  - Initialized StandardEnvironment with PropertySources [MapPropertySource@225290371 {name='systemProperties', properties={java.runtime.name=Java(TM) SE Runtime Environment, sun.boot.library.path=C:\Program Files\Java\jdk1.8.0_131\jre\bin, java.vm.version=25.131-b11, java.vm.vendor=Oracle Corporation, java.vendor.url=http://java.oracle.com/, path.separator=;, java.vm.name=Java HotSpot(TM) 64-Bit Server VM, file.encoding.pkg=sun.io, user.country=CN, user.script=, sun.java.launcher=SUN_STANDARD, sun.os.patch.level=, java.vm.specification.name=Java Virtual Machine Specification, user.dir=D:\Code\IdeaProjects\manageSystem-ssm\ms-ssm-web, java.runtime.version=1.8.0_131-b11, basedir=D:\Code\IdeaProjects\manageSystem-ssm\ms-ssm-web, java.awt.graphicsenv=sun.awt.Win32GraphicsEnvironment, java.endorsed.dirs=C:\Program Files\Java\jdk1.8.0_131\jre\lib\endorsed, os.arch=amd64, surefire.real.class.path=C:\Users\xm\AppData\Local\Temp\surefire7497552715305907156\surefirebooter6811015789613867580.jar, java.io.tmpdir=C:\Users\xm\AppData\Local\Temp\, line.separator=
, java.vm.specification.vendor=Oracle Corporation, user.variant=, os.name=Windows 10, sun.jnu.encoding=GBK, java.library.path=C:\Program Files\Java\jdk1.8.0_131\jre\bin;C:\Windows\Sun\Java\bin;C:\Windows\system32;C:\Windows;D:\MyProgram\orcl\bin;D:\MyProgram\Anaconda3;D:\MyProgram\Anaconda3\Library\mingw-w64\bin;D:\MyProgram\Anaconda3\Library\usr\bin;D:\MyProgram\Anaconda3\Library\bin;D:\MyProgram\Anaconda3\Scripts;C:\ProgramData\Oracle\Java\javapath;C:\Windows\system32;C:\Windows;C:\Windows\System32\Wbem;C:\Windows\System32\WindowsPowerShell\v1.0\;C:\Windows\System32\OpenSSH\;C:\Program Files\Java\jdk1.8.0_131\bin;C:\Program Files\Java\jdk1.8.0_131\jre\bin;C:\Program Files (x86)\MySQL\MySQL Server 5.5\bin;D:\MyProgram\Git\cmd;D:\Maven\bin\;D:\MyProgram\redis-2.8.9;D:\Maven_V_354\apache-maven-3.5.4\bin\;D:\MyProgram\nodejs\;D:\MyProgram\nodejs\npm_modules\;D:\MyProgram\erl10.4\bin;D:\MyProgram\ffmpeg\bin\;D:\MyProgram\OpenSSL-Win64\bin\;D:\MyProgram\Ruby25-x64\bin;C:\Users\xm\AppData\Local\Microsoft\WindowsApps;;D:\MyProgram\JetBrains\IntelliJ IDEA 2019.3.3\bin;;D:\MyProgram\Microsoft VS Code\bin;D:\MyProgram\JetBrains\PyCharm 2019.3.3\bin;;D:\MyProgram\JetBrains\WebStorm 2019.3.3\bin;;C:\Users\xm\AppData\Roaming\npm;., surefire.test.class.path=D:\Code\IdeaProjects\manageSystem-ssm\ms-ssm-web\target\test-classes;D:\Code\IdeaProjects\manageSystem-ssm\ms-ssm-web\target\classes;E:\maven-repository\junit\junit\4.12\junit-4.12.jar;E:\maven-repository\org\hamcrest\hamcrest-core\1.3\hamcrest-core-1.3.jar;D:\Code\IdeaProjects\manageSystem-ssm\ms-ssm-domain\target\ms-ssm-domain-1.0-SNAPSHOT.jar;D:\Code\IdeaProjects\manageSystem-ssm\ms-ssm-utils\target\ms-ssm-utils-1.0-SNAPSHOT.jar;D:\Code\IdeaProjects\manageSystem-ssm\ms-ssm-service\target\ms-ssm-service-1.0-SNAPSHOT.jar;D:\Code\IdeaProjects\manageSystem-ssm\ms-ssm-dao\target\ms-ssm-dao-1.0-SNAPSHOT.jar;E:\maven-repository\com\fasterxml\jackson\core\jackson-databind\2.9.7\jackson-databind-2.9.7.jar;E:\maven-repository\com\fasterxml\jackson\core\jackson-annotations\2.9.0\jackson-annotations-2.9.0.jar;E:\maven-repository\com\fasterxml\jackson\core\jackson-core\2.9.7\jackson-core-2.9.7.jar;E:\maven-repository\com\github\pagehelper\pagehelper\5.1.2\pagehelper-5.1.2.jar;E:\maven-repository\com\github\jsqlparser\jsqlparser\1.0\jsqlparser-1.0.jar;E:\maven-repository\javax\annotation\javax.annotation-api\1.3.1\javax.annotation-api-1.3.1.jar;E:\maven-repository\org\springframework\security\spring-security-web\5.0.1.RELEASE\spring-security-web-5.0.1.RELEASE.jar;E:\maven-repository\org\springframework\spring-expression\5.0.3.RELEASE\spring-expression-5.0.3.RELEASE.jar;E:\maven-repository\org\springframework\security\spring-security-config\5.0.1.RELEASE\spring-security-config-5.0.1.RELEASE.jar;E:\maven-repository\org\springframework\security\spring-security-core\5.0.1.RELEASE\spring-security-core-5.0.1.RELEASE.jar;E:\maven-repository\org\springframework\security\spring-security-taglibs\5.0.1.RELEASE\spring-security-taglibs-5.0.1.RELEASE.jar;E:\maven-repository\org\springframework\security\spring-security-acl\5.0.1.RELEASE\spring-security-acl-5.0.1.RELEASE.jar;E:\maven-repository\org\aspectj\aspectjweaver\1.6.8\aspectjweaver-1.6.8.jar;E:\maven-repository\org\springframework\spring-aop\5.0.2.RELEASE\spring-aop-5.0.2.RELEASE.jar;E:\maven-repository\org\springframework\spring-context\5.0.2.RELEASE\spring-context-5.0.2.RELEASE.jar;E:\maven-repository\org\springframework\spring-context-support\5.0.2.RELEASE\spring-context-support-5.0.2.RELEASE.jar;E:\maven-repository\org\springframework\spring-web\5.0.2.RELEASE\spring-web-5.0.2.RELEASE.jar;E:\maven-repository\org\springframework\spring-orm\5.0.2.RELEASE\spring-orm-5.0.2.RELEASE.jar;E:\maven-repository\org\springframework\spring-jdbc\5.0.2.RELEASE\spring-jdbc-5.0.2.RELEASE.jar;E:\maven-repository\org\springframework\spring-beans\5.0.2.RELEASE\spring-beans-5.0.2.RELEASE.jar;E:\maven-repository\org\springframework\spring-core\5.0.2.RELEASE\spring-core-5.0.2.RELEASE.jar;E:\maven-repository\org\springframework\spring-jcl\5.0.2.RELEASE\spring-jcl-5.0.2.RELEASE.jar;E:\maven-repository\org\springframework\spring-test\5.0.2.RELEASE\spring-test-5.0.2.RELEASE.jar;E:\maven-repository\org\springframework\spring-webmvc\5.0.2.RELEASE\spring-webmvc-5.0.2.RELEASE.jar;E:\maven-repository\org\springframework\spring-tx\5.0.2.RELEASE\spring-tx-5.0.2.RELEASE.jar;E:\maven-repository\javax\servlet\javax.servlet-api\3.1.0\javax.servlet-api-3.1.0.jar;E:\maven-repository\javax\servlet\jsp\jsp-api\2.0\jsp-api-2.0.jar;E:\maven-repository\jstl\jstl\1.2\jstl-1.2.jar;E:\maven-repository\log4j\log4j\1.2.12\log4j-1.2.12.jar;E:\maven-repository\org\slf4j\slf4j-api\1.6.6\slf4j-api-1.6.6.jar;E:\maven-repository\org\slf4j\slf4j-log4j12\1.6.6\slf4j-log4j12-1.6.6.jar;E:\maven-repository\org\mybatis\mybatis\3.4.5\mybatis-3.4.5.jar;E:\maven-repository\org\mybatis\mybatis-spring\1.3.0\mybatis-spring-1.3.0.jar;E:\maven-repository\c3p0\c3p0\0.9.1.2\c3p0-0.9.1.2.jar;E:\maven-repository\mysql\mysql-connector-java\5.1.6\mysql-connector-java-5.1.6.jar;E:\maven-repository\javax\annotation\jsr250-api\1.0\jsr250-api-1.0.jar;E:\maven-repository\org\projectlombok\lombok\1.16.16\lombok-1.16.16.jar;, java.specification.name=Java Platform API Specification, java.class.version=52.0, sun.management.compiler=HotSpot 64-Bit Tiered Compilers, maven.repo.local=E:\maven-repository, idea.version2019.3.3=true, os.version=10.0, user.home=C:\Users\xm, user.timezone=Asia/Shanghai, java.awt.printerjob=sun.awt.windows.WPrinterJob, file.encoding=GBK, java.specification.version=1.8, java.class.path=D:\Code\IdeaProjects\manageSystem-ssm\ms-ssm-web\target\test-classes;D:\Code\IdeaProjects\manageSystem-ssm\ms-ssm-web\target\classes;E:\maven-repository\junit\junit\4.12\junit-4.12.jar;E:\maven-repository\org\hamcrest\hamcrest-core\1.3\hamcrest-core-1.3.jar;D:\Code\IdeaProjects\manageSystem-ssm\ms-ssm-domain\target\ms-ssm-domain-1.0-SNAPSHOT.jar;D:\Code\IdeaProjects\manageSystem-ssm\ms-ssm-utils\target\ms-ssm-utils-1.0-SNAPSHOT.jar;D:\Code\IdeaProjects\manageSystem-ssm\ms-ssm-service\target\ms-ssm-service-1.0-SNAPSHOT.jar;D:\Code\IdeaProjects\manageSystem-ssm\ms-ssm-dao\target\ms-ssm-dao-1.0-SNAPSHOT.jar;E:\maven-repository\com\fasterxml\jackson\core\jackson-databind\2.9.7\jackson-databind-2.9.7.jar;E:\maven-repository\com\fasterxml\jackson\core\jackson-annotations\2.9.0\jackson-annotations-2.9.0.jar;E:\maven-repository\com\fasterxml\jackson\core\jackson-core\2.9.7\jackson-core-2.9.7.jar;E:\maven-repository\com\github\pagehelper\pagehelper\5.1.2\pagehelper-5.1.2.jar;E:\maven-repository\com\github\jsqlparser\jsqlparser\1.0\jsqlparser-1.0.jar;E:\maven-repository\javax\annotation\javax.annotation-api\1.3.1\javax.annotation-api-1.3.1.jar;E:\maven-repository\org\springframework\security\spring-security-web\5.0.1.RELEASE\spring-security-web-5.0.1.RELEASE.jar;E:\maven-repository\org\springframework\spring-expression\5.0.3.RELEASE\spring-expression-5.0.3.RELEASE.jar;E:\maven-repository\org\springframework\security\spring-security-config\5.0.1.RELEASE\spring-security-config-5.0.1.RELEASE.jar;E:\maven-repository\org\springframework\security\spring-security-core\5.0.1.RELEASE\spring-security-core-5.0.1.RELEASE.jar;E:\maven-repository\org\springframework\security\spring-security-taglibs\5.0.1.RELEASE\spring-security-taglibs-5.0.1.RELEASE.jar;E:\maven-repository\org\springframework\security\spring-security-acl\5.0.1.RELEASE\spring-security-acl-5.0.1.RELEASE.jar;E:\maven-repository\org\aspectj\aspectjweaver\1.6.8\aspectjweaver-1.6.8.jar;E:\maven-repository\org\springframework\spring-aop\5.0.2.RELEASE\spring-aop-5.0.2.RELEASE.jar;E:\maven-repository\org\springframework\spring-context\5.0.2.RELEASE\spring-context-5.0.2.RELEASE.jar;E:\maven-repository\org\springframework\spring-context-support\5.0.2.RELEASE\spring-context-support-5.0.2.RELEASE.jar;E:\maven-repository\org\springframework\spring-web\5.0.2.RELEASE\spring-web-5.0.2.RELEASE.jar;E:\maven-repository\org\springframework\spring-orm\5.0.2.RELEASE\spring-orm-5.0.2.RELEASE.jar;E:\maven-repository\org\springframework\spring-jdbc\5.0.2.RELEASE\spring-jdbc-5.0.2.RELEASE.jar;E:\maven-repository\org\springframework\spring-beans\5.0.2.RELEASE\spring-beans-5.0.2.RELEASE.jar;E:\maven-repository\org\springframework\spring-core\5.0.2.RELEASE\spring-core-5.0.2.RELEASE.jar;E:\maven-repository\org\springframework\spring-jcl\5.0.2.RELEASE\spring-jcl-5.0.2.RELEASE.jar;E:\maven-repository\org\springframework\spring-test\5.0.2.RELEASE\spring-test-5.0.2.RELEASE.jar;E:\maven-repository\org\springframework\spring-webmvc\5.0.2.RELEASE\spring-webmvc-5.0.2.RELEASE.jar;E:\maven-repository\org\springframework\spring-tx\5.0.2.RELEASE\spring-tx-5.0.2.RELEASE.jar;E:\maven-repository\javax\servlet\javax.servlet-api\3.1.0\javax.servlet-api-3.1.0.jar;E:\maven-repository\javax\servlet\jsp\jsp-api\2.0\jsp-api-2.0.jar;E:\maven-repository\jstl\jstl\1.2\jstl-1.2.jar;E:\maven-repository\log4j\log4j\1.2.12\log4j-1.2.12.jar;E:\maven-repository\org\slf4j\slf4j-api\1.6.6\slf4j-api-1.6.6.jar;E:\maven-repository\org\slf4j\slf4j-log4j12\1.6.6\slf4j-log4j12-1.6.6.jar;E:\maven-repository\org\mybatis\mybatis\3.4.5\mybatis-3.4.5.jar;E:\maven-repository\org\mybatis\mybatis-spring\1.3.0\mybatis-spring-1.3.0.jar;E:\maven-repository\c3p0\c3p0\0.9.1.2\c3p0-0.9.1.2.jar;E:\maven-repository\mysql\mysql-connector-java\5.1.6\mysql-connector-java-5.1.6.jar;E:\maven-repository\javax\annotation\jsr250-api\1.0\jsr250-api-1.0.jar;E:\maven-repository\org\projectlombok\lombok\1.16.16\lombok-1.16.16.jar;, user.name=xm, java.vm.specification.version=1.8, sun.java.command=C:\Users\xm\AppData\Local\Temp\surefire7497552715305907156\surefirebooter6811015789613867580.jar C:\Users\xm\AppData\Local\Temp\surefire7497552715305907156 2020-04-25T21-46-33_033-jvmRun1 surefire7780568927660488430tmp surefire_03629623413987528247tmp, java.home=C:\Program Files\Java\jdk1.8.0_131\jre, sun.arch.data.model=64, user.language=zh, java.specification.vendor=Oracle Corporation, awt.toolkit=sun.awt.windows.WToolkit, java.vm.info=mixed mode, java.version=1.8.0_131, java.ext.dirs=C:\Program Files\Java\jdk1.8.0_131\jre\lib\ext;C:\Windows\Sun\Java\lib\ext, sun.boot.class.path=C:\Program Files\Java\jdk1.8.0_131\jre\lib\resources.jar;C:\Program Files\Java\jdk1.8.0_131\jre\lib\rt.jar;C:\Program Files\Java\jdk1.8.0_131\jre\lib\sunrsasign.jar;C:\Program Files\Java\jdk1.8.0_131\jre\lib\jsse.jar;C:\Program Files\Java\jdk1.8.0_131\jre\lib\jce.jar;C:\Program Files\Java\jdk1.8.0_131\jre\lib\charsets.jar;C:\Program Files\Java\jdk1.8.0_131\jre\lib\jfr.jar;C:\Program Files\Java\jdk1.8.0_131\jre\classes, java.vendor=Oracle Corporation, localRepository=E:\maven-repository, file.separator=\, java.vendor.url.bug=http://bugreport.sun.com/bugreport/, sun.io.unicode.encoding=UnicodeLittle, sun.cpu.endian=little, sun.desktop=windows, sun.cpu.isalist=amd64}}, SystemEnvironmentPropertySource@1169146729 {name='systemEnvironment', properties={PATH=D:\MyProgram\orcl\bin;D:\MyProgram\Anaconda3;D:\MyProgram\Anaconda3\Library\mingw-w64\bin;D:\MyProgram\Anaconda3\Library\usr\bin;D:\MyProgram\Anaconda3\Library\bin;D:\MyProgram\Anaconda3\Scripts;C:\ProgramData\Oracle\Java\javapath;C:\Windows\system32;C:\Windows;C:\Windows\System32\Wbem;C:\Windows\System32\WindowsPowerShell\v1.0\;C:\Windows\System32\OpenSSH\;C:\Program Files\Java\jdk1.8.0_131\bin;C:\Program Files\Java\jdk1.8.0_131\jre\bin;C:\Program Files (x86)\MySQL\MySQL Server 5.5\bin;D:\MyProgram\Git\cmd;D:\Maven\bin\;D:\MyProgram\redis-2.8.9;D:\Maven_V_354\apache-maven-3.5.4\bin\;D:\MyProgram\nodejs\;D:\MyProgram\nodejs\npm_modules\;D:\MyProgram\erl10.4\bin;D:\MyProgram\ffmpeg\bin\;D:\MyProgram\OpenSSL-Win64\bin\;D:\MyProgram\Ruby25-x64\bin;C:\Users\xm\AppData\Local\Microsoft\WindowsApps;;D:\MyProgram\JetBrains\IntelliJ IDEA 2019.3.3\bin;;D:\MyProgram\Microsoft VS Code\bin;D:\MyProgram\JetBrains\PyCharm 2019.3.3\bin;;D:\MyProgram\JetBrains\WebStorm 2019.3.3\bin;;C:\Users\xm\AppData\Roaming\npm, USERDOMAIN_ROAMINGPROFILE=DESKTOP-9ENUAHE, PROCESSOR_LEVEL=23, SYSTEMDRIVE=C:, SESSIONNAME=Console, ALLUSERSPROFILE=C:\ProgramData, PROCESSOR_ARCHITECTURE=AMD64, DRIVERDATA=C:\Windows\System32\Drivers\DriverData, MAVEN_HOME=D:\Maven, PROGRAMFILES=C:\Program Files, PSMODULEPATH=C:\Program Files\WindowsPowerShell\Modules;C:\Windows\system32\WindowsPowerShell\v1.0\Modules, PROGRAMDATA=C:\ProgramData, USERNAME=xm, FPS_BROWSER_USER_PROFILE_STRING=Default, ONEDRIVE=C:\Users\xm\OneDrive, PATHEXT=.COM;.EXE;.BAT;.CMD;.VBS;.VBE;.JS;.JSE;.WSF;.WSH;.MSC;.RB;.RBW, MAVEN_HOME2=D:\Maven_V_354\apache-maven-3.5.4, WINDIR=C:\Windows, HOMEPATH=\Users\xm, PROCESSOR_IDENTIFIER=AMD64 Family 23 Model 8 Stepping 2, AuthenticAMD, PUBLIC=C:\Users\Public, =::=::\, LOCALAPPDATA=C:\Users\xm\AppData\Local, COMMONPROGRAMFILES(X86)=C:\Program Files (x86)\Common Files, USERDOMAIN=DESKTOP-9ENUAHE, FPS_BROWSER_APP_PROFILE_STRING=Internet Explorer, LOGONSERVER=\\DESKTOP-9ENUAHE, JAVA_HOME=C:\Program Files\Java\jdk1.8.0_131, PROMPT=$P$G, PROGRAMFILES(X86)=C:\Program Files (x86), INTELLIJ IDEA=D:\MyProgram\JetBrains\IntelliJ IDEA 2019.3.3\bin;, ERLANG_HOME=D:\MyProgram\erl10.4, APPDATA=C:\Users\xm\AppData\Roaming, PROGRAMW6432=C:\Program Files, SYSTEMROOT=C:\Windows, PERL5LIB=D:\MyProgram\orcl\perl\5.8.3\lib\MSWin32-x86;D:\MyProgram\orcl\perl\5.8.3\lib;D:\MyProgram\orcl\perl\5.8.3\lib\MSWin32-x86;D:\MyProgram\orcl\perl\site\5.8.3;D:\MyProgram\orcl\perl\site\5.8.3\lib;D:\MyProgram\orcl\sysman\admin\scripts;, OS=Windows_NT, COMMONPROGRAMW6432=C:\Program Files\Common Files, COMPUTERNAME=DESKTOP-9ENUAHE, COMMONPROGRAMFILES=C:\Program Files\Common Files, COMSPEC=C:\Windows\system32\cmd.exe, CATALINA_HOME=D:\MyProgram\Tomcat\apache-tomcat-7.0.100, PROCESSOR_REVISION=0802, CLASSPATH=.;C:\Program Files\Java\jdk1.8.0_131\lib;C:\Program Files\Java\jdk1.8.0_131\lib\tools.jar, PYCHARM=D:\MyProgram\JetBrains\PyCharm 2019.3.3\bin;, RUBYOPT=-Eutf-8, =D:=D:\Code\IdeaProjects\manageSystem-ssm\ms-ssm-web, TEMP=C:\Users\xm\AppData\Local\Temp, HOMEDRIVE=C:, USERPROFILE=C:\Users\xm, TMP=C:\Users\xm\AppData\Local\Temp, WEBSTORM=D:\MyProgram\JetBrains\WebStorm 2019.3.3\bin;, NUMBER_OF_PROCESSORS=12, IDEA_INITIAL_DIRECTORY=C:\Users\xm\Desktop}}]
2020-04-25 21:46:33,857 117    [           main] INFO  ry.xml.XmlBeanDefinitionReader  - Loading XML bean definitions from class path resource [applicationContext.xml]
2020-04-25 21:46:33,873 133    [           main] DEBUG tory.xml.DefaultDocumentLoader  - Using JAXP provider [com.sun.org.apache.xerces.internal.jaxp.DocumentBuilderFactoryImpl]
2020-04-25 21:46:33,898 158    [           main] DEBUG ry.xml.PluggableSchemaResolver  - Loading schema mappings from [META-INF/spring.schemas]
2020-04-25 21:46:33,900 160    [           main] DEBUG ry.xml.PluggableSchemaResolver  - Loaded schema mappings: {http://www.springframework.org/schema/tx/spring-tx-4.3.xsd=org/springframework/transaction/config/spring-tx.xsd, http://www.springframework.org/schema/tx/spring-tx-2.5.xsd=org/springframework/transaction/config/spring-tx.xsd, http://www.springframework.org/schema/cache/spring-cache-4.2.xsd=org/springframework/cache/config/spring-cache.xsd, http://www.springframework.org/schema/aop/spring-aop-4.1.xsd=org/springframework/aop/config/spring-aop.xsd, http://www.springframework.org/schema/context/spring-context-3.1.xsd=org/springframework/context/config/spring-context.xsd, http://www.springframework.org/schema/jdbc/spring-jdbc-4.1.xsd=org/springframework/jdbc/config/spring-jdbc.xsd, http://www.springframework.org/schema/mvc/spring-mvc-4.1.xsd=org/springframework/web/servlet/config/spring-mvc.xsd, http://www.springframework.org/schema/util/spring-util-3.0.xsd=org/springframework/beans/factory/xml/spring-util.xsd, http://www.springframework.org/schema/security/spring-security-3.0.3.xsd=org/springframework/security/config/spring-security-3.0.3.xsd, http://mybatis.org/schema/mybatis-spring-1.2.xsd=org/mybatis/spring/config/mybatis-spring-1.2.xsd, http://www.springframework.org/schema/tool/spring-tool.xsd=org/springframework/beans/factory/xml/spring-tool.xsd, http://www.springframework.org/schema/aop/spring-aop-3.2.xsd=org/springframework/aop/config/spring-aop.xsd, http://www.springframework.org/schema/security/spring-security-2.0.1.xsd=org/springframework/security/config/spring-security-2.0.1.xsd, http://www.springframework.org/schema/lang/spring-lang-4.1.xsd=org/springframework/scripting/config/spring-lang.xsd, http://www.springframework.org/schema/context/spring-context-4.0.xsd=org/springframework/context/config/spring-context.xsd, http://www.springframework.org/schema/mvc/spring-mvc-3.2.xsd=org/springframework/web/servlet/config/spring-mvc.xsd, http://www.springframework.org/schema/beans/spring-beans-4.2.xsd=org/springframework/beans/factory/xml/spring-beans.xsd, http://www.springframework.org/schema/tool/spring-tool-4.1.xsd=org/springframework/beans/factory/xml/spring-tool.xsd, http://www.springframework.org/schema/lang/spring-lang-3.2.xsd=org/springframework/scripting/config/spring-lang.xsd, http://www.springframework.org/schema/cache/spring-cache-3.2.xsd=org/springframework/cache/config/spring-cache.xsd, http://www.springframework.org/schema/jee/spring-jee-4.1.xsd=org/springframework/ejb/config/spring-jee.xsd, http://www.springframework.org/schema/jdbc/spring-jdbc-3.1.xsd=org/springframework/jdbc/config/spring-jdbc.xsd, http://www.springframework.org/schema/util/spring-util-2.0.xsd=org/springframework/beans/factory/xml/spring-util.xsd, http://www.springframework.org/schema/task/spring-task-4.2.xsd=org/springframework/scheduling/config/spring-task.xsd, http://www.springframework.org/schema/tool/spring-tool-3.2.xsd=org/springframework/beans/factory/xml/spring-tool.xsd, http://www.springframework.org/schema/context/spring-context.xsd=org/springframework/context/config/spring-context.xsd, http://www.springframework.org/schema/tx/spring-tx-4.2.xsd=org/springframework/transaction/config/spring-tx.xsd, http://www.springframework.org/schema/cache/spring-cache-4.1.xsd=org/springframework/cache/config/spring-cache.xsd, http://www.springframework.org/schema/aop/spring-aop-4.0.xsd=org/springframework/aop/config/spring-aop.xsd, http://www.springframework.org/schema/security/spring-security-2.0.xsd=org/springframework/security/config/spring-security-2.0.xsd, http://www.springframework.org/schema/jee/spring-jee-3.2.xsd=org/springframework/ejb/config/spring-jee.xsd, http://www.springframework.org/schema/context/spring-context-3.0.xsd=org/springframework/context/config/spring-context.xsd, http://www.springframework.org/schema/jdbc/spring-jdbc-4.0.xsd=org/springframework/jdbc/config/spring-jdbc.xsd, http://www.springframework.org/schema/mvc/spring-mvc-4.0.xsd=org/springframework/web/servlet/config/spring-mvc.xsd, http://www.springframework.org/schema/util/spring-util-4.3.xsd=org/springframework/beans/factory/xml/spring-util.xsd, http://www.springframework.org/schema/util/spring-util-2.5.xsd=org/springframework/beans/factory/xml/spring-util.xsd, http://www.springframework.org/schema/beans/spring-beans-3.2.xsd=org/springframework/beans/factory/xml/spring-beans.xsd, http://www.springframework.org/schema/aop/spring-aop-3.1.xsd=org/springframework/aop/config/spring-aop.xsd, http://www.springframework.org/schema/lang/spring-lang-4.0.xsd=org/springframework/scripting/config/spring-lang.xsd, http://www.springframework.org/schema/mvc/spring-mvc.xsd=org/springframework/web/servlet/config/spring-mvc.xsd, http://www.springframework.org/schema/mvc/spring-mvc-3.1.xsd=org/springframework/web/servlet/config/spring-mvc.xsd, http://www.springframework.org/schema/beans/spring-beans-4.1.xsd=org/springframework/beans/factory/xml/spring-beans.xsd, http://www.springframework.org/schema/tool/spring-tool-4.0.xsd=org/springframework/beans/factory/xml/spring-tool.xsd, http://www.springframework.org/schema/tx/spring-tx-3.2.xsd=org/springframework/transaction/config/spring-tx.xsd, http://www.springframework.org/schema/lang/spring-lang-3.1.xsd=org/springframework/scripting/config/spring-lang.xsd, http://www.springframework.org/schema/cache/spring-cache-3.1.xsd=org/springframework/cache/config/spring-cache.xsd, http://www.springframework.org/schema/jee/spring-jee-4.0.xsd=org/springframework/ejb/config/spring-jee.xsd, http://www.springframework.org/schema/jdbc/spring-jdbc-3.0.xsd=org/springframework/jdbc/config/spring-jdbc.xsd, http://www.springframework.org/schema/task/spring-task-4.1.xsd=org/springframework/scheduling/config/spring-task.xsd, http://www.springframework.org/schema/tool/spring-tool-3.1.xsd=org/springframework/beans/factory/xml/spring-tool.xsd, http://www.springframework.org/schema/jdbc/spring-jdbc.xsd=org/springframework/jdbc/config/spring-jdbc.xsd, http://www.springframework.org/schema/tx/spring-tx-4.1.xsd=org/springframework/transaction/config/spring-tx.xsd, http://www.springframework.org/schema/cache/spring-cache-4.0.xsd=org/springframework/cache/config/spring-cache.xsd, http://www.springframework.org/schema/jee/spring-jee-3.1.xsd=org/springframework/ejb/config/spring-jee.xsd, http://www.springframework.org/schema/util/spring-util-4.2.xsd=org/springframework/beans/factory/xml/spring-util.xsd, http://www.springframework.org/schema/task/spring-task-3.2.xsd=org/springframework/scheduling/config/spring-task.xsd, http://www.springframework.org/schema/beans/spring-beans-3.1.xsd=org/springframework/beans/factory/xml/spring-beans.xsd, http://www.springframework.org/schema/util/spring-util.xsd=org/springframework/beans/factory/xml/spring-util.xsd, http://www.springframework.org/schema/aop/spring-aop-3.0.xsd=org/springframework/aop/config/spring-aop.xsd, http://www.springframework.org/schema/security/spring-security-4.2.xsd=org/springframework/security/config/spring-security-4.2.xsd, http://www.springframework.org/schema/mvc/spring-mvc-3.0.xsd=org/springframework/web/servlet/config/spring-mvc.xsd, http://www.springframework.org/schema/beans/spring-beans-4.0.xsd=org/springframework/beans/factory/xml/spring-beans.xsd, http://www.springframework.org/schema/beans/spring-beans.xsd=org/springframework/beans/factory/xml/spring-beans.xsd, http://www.springframework.org/schema/security/spring-security-2.0.4.xsd=org/springframework/security/config/spring-security-2.0.4.xsd, http://mybatis.org/schema/mybatis-spring.xsd=org/mybatis/spring/config/mybatis-spring-1.2.xsd, http://www.springframework.org/schema/tx/spring-tx-3.1.xsd=org/springframework/transaction/config/spring-tx.xsd, http://www.springframework.org/schema/lang/spring-lang-3.0.xsd=org/springframework/scripting/config/spring-lang.xsd, http://www.springframework.org/schema/context/spring-context-2.5.xsd=org/springframework/context/config/spring-context.xsd, http://www.springframework.org/schema/context/spring-context-4.3.xsd=org/springframework/context/config/spring-context.xsd, http://www.springframework.org/schema/task/spring-task-4.0.xsd=org/springframework/scheduling/config/spring-task.xsd, http://www.springframework.org/schema/tool/spring-tool-3.0.xsd=org/springframework/beans/factory/xml/spring-tool.xsd, http://www.springframework.org/schema/tx/spring-tx-4.0.xsd=org/springframework/transaction/config/spring-tx.xsd, http://www.springframework.org/schema/aop/spring-aop-2.0.xsd=org/springframework/aop/config/spring-aop.xsd, http://www.springframework.org/schema/security/spring-security-3.2.xsd=org/springframework/security/config/spring-security-3.2.xsd, http://www.springframework.org/schema/jee/spring-jee-3.0.xsd=org/springframework/ejb/config/spring-jee.xsd, http://www.springframework.org/schema/util/spring-util-4.1.xsd=org/springframework/beans/factory/xml/spring-util.xsd, http://www.springframework.org/schema/task/spring-task-3.1.xsd=org/springframework/scheduling/config/spring-task.xsd, http://www.springframework.org/schema/beans/spring-beans-3.0.xsd=org/springframework/beans/factory/xml/spring-beans.xsd, http://www.springframework.org/schema/jee/spring-jee.xsd=org/springframework/ejb/config/spring-jee.xsd, http://www.springframework.org/schema/aop/spring-aop-2.5.xsd=org/springframework/aop/config/spring-aop.xsd, http://www.springframework.org/schema/aop/spring-aop-4.3.xsd=org/springframework/aop/config/spring-aop.xsd, http://www.springframework.org/schema/lang/spring-lang-2.0.xsd=org/springframework/scripting/config/spring-lang.xsd, http://www.springframework.org/schema/security/spring-security-4.1.xsd=org/springframework/security/config/spring-security-4.1.xsd, http://www.springframework.org/schema/jdbc/spring-jdbc-4.3.xsd=org/springframework/jdbc/config/spring-jdbc.xsd, http://www.springframework.org/schema/mvc/spring-mvc-4.3.xsd=org/springframework/web/servlet/config/spring-mvc.xsd, http://www.springframework.org/schema/util/spring-util-3.2.xsd=org/springframework/beans/factory/xml/spring-util.xsd, http://www.springframework.org/schema/task/spring-task.xsd=org/springframework/scheduling/config/spring-task.xsd, http://www.springframework.org/schema/tool/spring-tool-2.0.xsd=org/springframework/beans/factory/xml/spring-tool.xsd, http://www.springframework.org/schema/tx/spring-tx-3.0.xsd=org/springframework/transaction/config/spring-tx.xsd, http://www.springframework.org/schema/lang/spring-lang-2.5.xsd=org/springframework/scripting/config/spring-lang.xsd, http://www.springframework.org/schema/security/spring-security-5.0.xsd=org/springframework/security/config/spring-security-5.0.xsd, http://www.springframework.org/schema/lang/spring-lang-4.3.xsd=org/springframework/scripting/config/spring-lang.xsd, http://www.springframework.org/schema/context/spring-context-4.2.xsd=org/springframework/context/config/spring-context.xsd, http://www.springframework.org/schema/jee/spring-jee-2.0.xsd=org/springframework/ejb/config/spring-jee.xsd, http://www.springframework.org/schema/tool/spring-tool-4.3.xsd=org/springframework/beans/factory/xml/spring-tool.xsd, http://www.springframework.org/schema/tool/spring-tool-2.5.xsd=org/springframework/beans/factory/xml/spring-tool.xsd, http://www.springframework.org/schema/jee/spring-jee-4.3.xsd=org/springframework/ejb/config/spring-jee.xsd, http://www.springframework.org/schema/jee/spring-jee-2.5.xsd=org/springframework/ejb/config/spring-jee.xsd, http://www.springframework.org/schema/security/spring-security-3.1.xsd=org/springframework/security/config/spring-security-3.1.xsd, http://www.springframework.org/schema/util/spring-util-4.0.xsd=org/springframework/beans/factory/xml/spring-util.xsd, http://www.springframework.org/schema/task/spring-task-3.0.xsd=org/springframework/scheduling/config/spring-task.xsd, http://www.springframework.org/schema/cache/spring-cache-4.3.xsd=org/springframework/cache/config/spring-cache.xsd, http://www.springframework.org/schema/aop/spring-aop-4.2.xsd=org/springframework/aop/config/spring-aop.xsd, http://www.springframework.org/schema/security/spring-security-4.0.xsd=org/springframework/security/config/spring-security-4.0.xsd, http://www.springframework.org/schema/lang/spring-lang.xsd=org/springframework/scripting/config/spring-lang.xsd, http://www.springframework.org/schema/context/spring-context-3.2.xsd=org/springframework/context/config/spring-context.xsd, http://www.springframework.org/schema/jdbc/spring-jdbc-4.2.xsd=org/springframework/jdbc/config/spring-jdbc.xsd, http://www.springframework.org/schema/mvc/spring-mvc-4.2.xsd=org/springframework/web/servlet/config/spring-mvc.xsd, http://www.springframework.org/schema/util/spring-util-3.1.xsd=org/springframework/beans/factory/xml/spring-util.xsd, http://www.springframework.org/schema/beans/spring-beans-2.0.xsd=org/springframework/beans/factory/xml/spring-beans.xsd, http://www.springframework.org/schema/cache/spring-cache.xsd=org/springframework/cache/config/spring-cache.xsd, http://www.springframework.org/schema/tx/spring-tx.xsd=org/springframework/transaction/config/spring-tx.xsd, http://www.springframework.org/schema/security/spring-security-2.0.2.xsd=org/springframework/security/config/spring-security-2.0.2.xsd, http://www.springframework.org/schema/lang/spring-lang-4.2.xsd=org/springframework/scripting/config/spring-lang.xsd, http://www.springframework.org/schema/context/spring-context-4.1.xsd=org/springframework/context/config/spring-context.xsd, http://www.springframework.org/schema/beans/spring-beans-4.3.xsd=org/springframework/beans/factory/xml/spring-beans.xsd, http://www.springframework.org/schema/beans/spring-beans-2.5.xsd=org/springframework/beans/factory/xml/spring-beans.xsd, http://www.springframework.org/schema/tool/spring-tool-4.2.xsd=org/springframework/beans/factory/xml/spring-tool.xsd, http://www.springframework.org/schema/tx/spring-tx-2.0.xsd=org/springframework/transaction/config/spring-tx.xsd, http://www.springframework.org/schema/security/spring-security.xsd=org/springframework/security/config/spring-security-5.0.xsd, http://www.springframework.org/schema/security/spring-security-3.0.xsd=org/springframework/security/config/spring-security-3.0.xsd, http://www.springframework.org/schema/jee/spring-jee-4.2.xsd=org/springframework/ejb/config/spring-jee.xsd, http://www.springframework.org/schema/jdbc/spring-jdbc-3.2.xsd=org/springframework/jdbc/config/spring-jdbc.xsd, http://www.springframework.org/schema/task/spring-task-4.3.xsd=org/springframework/scheduling/config/spring-task.xsd, http://www.springframework.org/schema/aop/spring-aop.xsd=org/springframework/aop/config/spring-aop.xsd}
2020-04-25 21:46:33,903 163    [           main] DEBUG ry.xml.PluggableSchemaResolver  - Found XML schema [http://www.springframework.org/schema/beans/spring-beans.xsd] in classpath: org/springframework/beans/factory/xml/spring-beans.xsd
2020-04-25 21:46:33,937 197    [           main] DEBUG ry.xml.PluggableSchemaResolver  - Found XML schema [http://www.springframework.org/schema/context/spring-context.xsd] in classpath: org/springframework/context/config/spring-context.xsd
2020-04-25 21:46:33,943 203    [           main] DEBUG ry.xml.PluggableSchemaResolver  - Found XML schema [http://www.springframework.org/schema/tool/spring-tool.xsd] in classpath: org/springframework/beans/factory/xml/spring-tool.xsd
2020-04-25 21:46:33,950 210    [           main] DEBUG ry.xml.PluggableSchemaResolver  - Found XML schema [http://www.springframework.org/schema/tx/spring-tx.xsd] in classpath: org/springframework/transaction/config/spring-tx.xsd
2020-04-25 21:46:33,955 215    [           main] DEBUG ltBeanDefinitionDocumentReader  - Loading bean definitions
2020-04-25 21:46:33,963 223    [           main] DEBUG efaultNamespaceHandlerResolver  - Loaded NamespaceHandler mappings: {http://www.springframework.org/schema/p=org.springframework.beans.factory.xml.SimplePropertyNamespaceHandler, http://www.springframework.org/schema/mvc=org.springframework.web.servlet.config.MvcNamespaceHandler, http://www.springframework.org/schema/util=org.springframework.beans.factory.xml.UtilNamespaceHandler, http://www.springframework.org/schema/jee=org.springframework.ejb.config.JeeNamespaceHandler, http://www.springframework.org/schema/aop=org.springframework.aop.config.AopNamespaceHandler, http://www.springframework.org/schema/jdbc=org.springframework.jdbc.config.JdbcNamespaceHandler, http://www.springframework.org/schema/cache=org.springframework.cache.config.CacheNamespaceHandler, http://mybatis.org/schema/mybatis-spring=org.mybatis.spring.config.NamespaceHandler, http://www.springframework.org/schema/c=org.springframework.beans.factory.xml.SimpleConstructorNamespaceHandler, http://www.springframework.org/schema/security=org.springframework.security.config.SecurityNamespaceHandler, http://www.springframework.org/schema/tx=org.springframework.transaction.config.TxNamespaceHandler, http://www.springframework.org/schema/task=org.springframework.scheduling.config.TaskNamespaceHandler, http://www.springframework.org/schema/lang=org.springframework.scripting.config.LangNamespaceHandler, http://www.springframework.org/schema/context=org.springframework.context.config.ContextNamespaceHandler}
2020-04-25 21:46:33,982 242    [           main] DEBUG ClassPathBeanDefinitionScanner  - JSR-250 'javax.annotation.ManagedBean' found and supported for component scanning
2020-04-25 21:46:33,985 245    [           main] DEBUG atchingResourcePatternResolver  - Resolved classpath location [com/xumeng/service/] to resources [URL [jar:file:/D:/Code/IdeaProjects/manageSystem-ssm/ms-ssm-service/target/ms-ssm-service-1.0-SNAPSHOT.jar!/com/xumeng/service/]]
2020-04-25 21:46:33,985 245    [           main] DEBUG atchingResourcePatternResolver  - Looking for matching resources in jar file [file:/D:/Code/IdeaProjects/manageSystem-ssm/ms-ssm-service/target/ms-ssm-service-1.0-SNAPSHOT.jar]
2020-04-25 21:46:33,988 248    [           main] DEBUG atchingResourcePatternResolver  - Resolved location pattern [classpath*:com/xumeng/service/**/*.class] to resources [URL [jar:file:/D:/Code/IdeaProjects/manageSystem-ssm/ms-ssm-service/target/ms-ssm-service-1.0-SNAPSHOT.jar!/com/xumeng/service/IMemberService.class], URL [jar:file:/D:/Code/IdeaProjects/manageSystem-ssm/ms-ssm-service/target/ms-ssm-service-1.0-SNAPSHOT.jar!/com/xumeng/service/impl/MemberServiceImpl.class], URL [jar:file:/D:/Code/IdeaProjects/manageSystem-ssm/ms-ssm-service/target/ms-ssm-service-1.0-SNAPSHOT.jar!/com/xumeng/service/impl/OrderServiceImpl.class], URL [jar:file:/D:/Code/IdeaProjects/manageSystem-ssm/ms-ssm-service/target/ms-ssm-service-1.0-SNAPSHOT.jar!/com/xumeng/service/impl/PermissionServiceImpl.class], URL [jar:file:/D:/Code/IdeaProjects/manageSystem-ssm/ms-ssm-service/target/ms-ssm-service-1.0-SNAPSHOT.jar!/com/xumeng/service/impl/ProductServiceImpl.class], URL [jar:file:/D:/Code/IdeaProjects/manageSystem-ssm/ms-ssm-service/target/ms-ssm-service-1.0-SNAPSHOT.jar!/com/xumeng/service/impl/TravellerServiceImpl.class], URL [jar:file:/D:/Code/IdeaProjects/manageSystem-ssm/ms-ssm-service/target/ms-ssm-service-1.0-SNAPSHOT.jar!/com/xumeng/service/impl/UserServiceImpl.class], URL [jar:file:/D:/Code/IdeaProjects/manageSystem-ssm/ms-ssm-service/target/ms-ssm-service-1.0-SNAPSHOT.jar!/com/xumeng/service/IOrderService.class], URL [jar:file:/D:/Code/IdeaProjects/manageSystem-ssm/ms-ssm-service/target/ms-ssm-service-1.0-SNAPSHOT.jar!/com/xumeng/service/IPermissionService.class], URL [jar:file:/D:/Code/IdeaProjects/manageSystem-ssm/ms-ssm-service/target/ms-ssm-service-1.0-SNAPSHOT.jar!/com/xumeng/service/IProductService.class], URL [jar:file:/D:/Code/IdeaProjects/manageSystem-ssm/ms-ssm-service/target/ms-ssm-service-1.0-SNAPSHOT.jar!/com/xumeng/service/ITravellerService.class], URL [jar:file:/D:/Code/IdeaProjects/manageSystem-ssm/ms-ssm-service/target/ms-ssm-service-1.0-SNAPSHOT.jar!/com/xumeng/service/IUserService.class]]
2020-04-25 21:46:34,004 264    [           main] DEBUG ClassPathBeanDefinitionScanner  - Identified candidate component class: URL [jar:file:/D:/Code/IdeaProjects/manageSystem-ssm/ms-ssm-service/target/ms-ssm-service-1.0-SNAPSHOT.jar!/com/xumeng/service/impl/MemberServiceImpl.class]
2020-04-25 21:46:34,005 265    [           main] DEBUG ClassPathBeanDefinitionScanner  - Identified candidate component class: URL [jar:file:/D:/Code/IdeaProjects/manageSystem-ssm/ms-ssm-service/target/ms-ssm-service-1.0-SNAPSHOT.jar!/com/xumeng/service/impl/OrderServiceImpl.class]
2020-04-25 21:46:34,005 265    [           main] DEBUG ClassPathBeanDefinitionScanner  - Identified candidate component class: URL [jar:file:/D:/Code/IdeaProjects/manageSystem-ssm/ms-ssm-service/target/ms-ssm-service-1.0-SNAPSHOT.jar!/com/xumeng/service/impl/PermissionServiceImpl.class]
2020-04-25 21:46:34,007 267    [           main] DEBUG ClassPathBeanDefinitionScanner  - Identified candidate component class: URL [jar:file:/D:/Code/IdeaProjects/manageSystem-ssm/ms-ssm-service/target/ms-ssm-service-1.0-SNAPSHOT.jar!/com/xumeng/service/impl/ProductServiceImpl.class]
2020-04-25 21:46:34,008 268    [           main] DEBUG ClassPathBeanDefinitionScanner  - Identified candidate component class: URL [jar:file:/D:/Code/IdeaProjects/manageSystem-ssm/ms-ssm-service/target/ms-ssm-service-1.0-SNAPSHOT.jar!/com/xumeng/service/impl/TravellerServiceImpl.class]
2020-04-25 21:46:34,008 268    [           main] DEBUG ClassPathBeanDefinitionScanner  - Identified candidate component class: URL [jar:file:/D:/Code/IdeaProjects/manageSystem-ssm/ms-ssm-service/target/ms-ssm-service-1.0-SNAPSHOT.jar!/com/xumeng/service/impl/UserServiceImpl.class]
2020-04-25 21:46:34,022 282    [           main] DEBUG ClassPathBeanDefinitionScanner  - JSR-250 'javax.annotation.ManagedBean' found and supported for component scanning
2020-04-25 21:46:34,022 282    [           main] DEBUG atchingResourcePatternResolver  - Resolved classpath location [com/xumeng/dao/] to resources [URL [jar:file:/D:/Code/IdeaProjects/manageSystem-ssm/ms-ssm-dao/target/ms-ssm-dao-1.0-SNAPSHOT.jar!/com/xumeng/dao/]]
2020-04-25 21:46:34,022 282    [           main] DEBUG atchingResourcePatternResolver  - Looking for matching resources in jar file [file:/D:/Code/IdeaProjects/manageSystem-ssm/ms-ssm-dao/target/ms-ssm-dao-1.0-SNAPSHOT.jar]
2020-04-25 21:46:34,023 283    [           main] DEBUG atchingResourcePatternResolver  - Resolved location pattern [classpath*:com/xumeng/dao/**/*.class] to resources [URL [jar:file:/D:/Code/IdeaProjects/manageSystem-ssm/ms-ssm-dao/target/ms-ssm-dao-1.0-SNAPSHOT.jar!/com/xumeng/dao/IMemberDao.class], URL [jar:file:/D:/Code/IdeaProjects/manageSystem-ssm/ms-ssm-dao/target/ms-ssm-dao-1.0-SNAPSHOT.jar!/com/xumeng/dao/IOrderDao.class], URL [jar:file:/D:/Code/IdeaProjects/manageSystem-ssm/ms-ssm-dao/target/ms-ssm-dao-1.0-SNAPSHOT.jar!/com/xumeng/dao/IPermissionDao.class], URL [jar:file:/D:/Code/IdeaProjects/manageSystem-ssm/ms-ssm-dao/target/ms-ssm-dao-1.0-SNAPSHOT.jar!/com/xumeng/dao/IProductDao.class], URL [jar:file:/D:/Code/IdeaProjects/manageSystem-ssm/ms-ssm-dao/target/ms-ssm-dao-1.0-SNAPSHOT.jar!/com/xumeng/dao/IRoleDao.class], URL [jar:file:/D:/Code/IdeaProjects/manageSystem-ssm/ms-ssm-dao/target/ms-ssm-dao-1.0-SNAPSHOT.jar!/com/xumeng/dao/ITravellerDao.class], URL [jar:file:/D:/Code/IdeaProjects/manageSystem-ssm/ms-ssm-dao/target/ms-ssm-dao-1.0-SNAPSHOT.jar!/com/xumeng/dao/IUserDao.class]]
2020-04-25 21:46:34,030 290    [           main] DEBUG l.BeanDefinitionParserDelegate  - Neither XML 'id' nor 'name' specified - using generated bean name [com.github.pagehelper.PageInterceptor#3e2e18f2]
2020-04-25 21:46:34,037 297    [           main] DEBUG ry.xml.XmlBeanDefinitionReader  - Loaded 22 bean definitions from location pattern [classpath:applicationContext.xml]
2020-04-25 21:46:34,039 299    [           main] INFO  port.GenericApplicationContext  - Refreshing org.springframework.context.support.GenericApplicationContext@6eceb130: startup date [Sat Apr 25 21:46:34 CST 2020]; root of context hierarchy
2020-04-25 21:46:34,040 300    [           main] DEBUG port.GenericApplicationContext  - Bean factory for org.springframework.context.support.GenericApplicationContext@6eceb130: org.springframework.beans.factory.support.DefaultListableBeanFactory@4facf68f: defining beans [memberServiceImpl,orderServiceImpl,permissionServiceImpl,productServiceImpl,travellerServiceImpl,userService,org.springframework.context.annotation.internalConfigurationAnnotationProcessor,org.springframework.context.annotation.internalAutowiredAnnotationProcessor,org.springframework.context.annotation.internalRequiredAnnotationProcessor,org.springframework.context.annotation.internalCommonAnnotationProcessor,org.springframework.context.event.internalEventListenerProcessor,org.springframework.context.event.internalEventListenerFactory,org.springframework.context.support.PropertySourcesPlaceholderConfigurer#0,dataSource,sqlSessionFactory,mapperScanner,transactionManager,org.springframework.transaction.config.internalTransactionalEventListenerFactory,org.springframework.aop.config.internalAutoProxyCreator,org.springframework.transaction.annotation.AnnotationTransactionAttributeSource#0,org.springframework.transaction.interceptor.TransactionInterceptor#0,org.springframework.transaction.config.internalTransactionAdvisor]; root of factory hierarchy
2020-04-25 21:46:34,064 324    [           main] DEBUG ort.DefaultListableBeanFactory  - Creating shared instance of singleton bean 'org.springframework.context.annotation.internalConfigurationAnnotationProcessor'
2020-04-25 21:46:34,064 324    [           main] DEBUG ort.DefaultListableBeanFactory  - Creating instance of bean 'org.springframework.context.annotation.internalConfigurationAnnotationProcessor'
2020-04-25 21:46:34,075 335    [           main] DEBUG ort.DefaultListableBeanFactory  - Eagerly caching bean 'org.springframework.context.annotation.internalConfigurationAnnotationProcessor' to allow for resolving potential circular references
2020-04-25 21:46:34,076 336    [           main] DEBUG ort.DefaultListableBeanFactory  - Finished creating instance of bean 'org.springframework.context.annotation.internalConfigurationAnnotationProcessor'
2020-04-25 21:46:34,114 374    [           main] DEBUG ort.DefaultListableBeanFactory  - Creating shared instance of singleton bean 'mapperScanner'
2020-04-25 21:46:34,114 374    [           main] DEBUG ort.DefaultListableBeanFactory  - Creating instance of bean 'mapperScanner'
2020-04-25 21:46:34,114 374    [           main] DEBUG ort.DefaultListableBeanFactory  - Eagerly caching bean 'mapperScanner' to allow for resolving potential circular references
2020-04-25 21:46:34,134 394    [           main] DEBUG ort.DefaultListableBeanFactory  - Invoking afterPropertiesSet() on bean with name 'mapperScanner'
2020-04-25 21:46:34,134 394    [           main] DEBUG ort.DefaultListableBeanFactory  - Finished creating instance of bean 'mapperScanner'
2020-04-25 21:46:34,135 395    [           main] DEBUG k.core.env.StandardEnvironment  - Adding PropertySource 'systemProperties' with lowest search precedence
2020-04-25 21:46:34,135 395    [           main] DEBUG k.core.env.StandardEnvironment  - Adding PropertySource 'systemEnvironment' with lowest search precedence
2020-04-25 21:46:34,135 395    [           main] DEBUG k.core.env.StandardEnvironment  - Initialized StandardEnvironment with PropertySources [MapPropertySource@1148254374 {name='systemProperties', properties={java.runtime.name=Java(TM) SE Runtime Environment, sun.boot.library.path=C:\Program Files\Java\jdk1.8.0_131\jre\bin, java.vm.version=25.131-b11, java.vm.vendor=Oracle Corporation, java.vendor.url=http://java.oracle.com/, path.separator=;, java.vm.name=Java HotSpot(TM) 64-Bit Server VM, file.encoding.pkg=sun.io, user.country=CN, user.script=, sun.java.launcher=SUN_STANDARD, sun.os.patch.level=, java.vm.specification.name=Java Virtual Machine Specification, user.dir=D:\Code\IdeaProjects\manageSystem-ssm\ms-ssm-web, java.runtime.version=1.8.0_131-b11, basedir=D:\Code\IdeaProjects\manageSystem-ssm\ms-ssm-web, java.awt.graphicsenv=sun.awt.Win32GraphicsEnvironment, java.endorsed.dirs=C:\Program Files\Java\jdk1.8.0_131\jre\lib\endorsed, os.arch=amd64, surefire.real.class.path=C:\Users\xm\AppData\Local\Temp\surefire7497552715305907156\surefirebooter6811015789613867580.jar, java.io.tmpdir=C:\Users\xm\AppData\Local\Temp\, line.separator=
, java.vm.specification.vendor=Oracle Corporation, user.variant=, os.name=Windows 10, sun.jnu.encoding=GBK, java.library.path=C:\Program Files\Java\jdk1.8.0_131\jre\bin;C:\Windows\Sun\Java\bin;C:\Windows\system32;C:\Windows;D:\MyProgram\orcl\bin;D:\MyProgram\Anaconda3;D:\MyProgram\Anaconda3\Library\mingw-w64\bin;D:\MyProgram\Anaconda3\Library\usr\bin;D:\MyProgram\Anaconda3\Library\bin;D:\MyProgram\Anaconda3\Scripts;C:\ProgramData\Oracle\Java\javapath;C:\Windows\system32;C:\Windows;C:\Windows\System32\Wbem;C:\Windows\System32\WindowsPowerShell\v1.0\;C:\Windows\System32\OpenSSH\;C:\Program Files\Java\jdk1.8.0_131\bin;C:\Program Files\Java\jdk1.8.0_131\jre\bin;C:\Program Files (x86)\MySQL\MySQL Server 5.5\bin;D:\MyProgram\Git\cmd;D:\Maven\bin\;D:\MyProgram\redis-2.8.9;D:\Maven_V_354\apache-maven-3.5.4\bin\;D:\MyProgram\nodejs\;D:\MyProgram\nodejs\npm_modules\;D:\MyProgram\erl10.4\bin;D:\MyProgram\ffmpeg\bin\;D:\MyProgram\OpenSSL-Win64\bin\;D:\MyProgram\Ruby25-x64\bin;C:\Users\xm\AppData\Local\Microsoft\WindowsApps;;D:\MyProgram\JetBrains\IntelliJ IDEA 2019.3.3\bin;;D:\MyProgram\Microsoft VS Code\bin;D:\MyProgram\JetBrains\PyCharm 2019.3.3\bin;;D:\MyProgram\JetBrains\WebStorm 2019.3.3\bin;;C:\Users\xm\AppData\Roaming\npm;., surefire.test.class.path=D:\Code\IdeaProjects\manageSystem-ssm\ms-ssm-web\target\test-classes;D:\Code\IdeaProjects\manageSystem-ssm\ms-ssm-web\target\classes;E:\maven-repository\junit\junit\4.12\junit-4.12.jar;E:\maven-repository\org\hamcrest\hamcrest-core\1.3\hamcrest-core-1.3.jar;D:\Code\IdeaProjects\manageSystem-ssm\ms-ssm-domain\target\ms-ssm-domain-1.0-SNAPSHOT.jar;D:\Code\IdeaProjects\manageSystem-ssm\ms-ssm-utils\target\ms-ssm-utils-1.0-SNAPSHOT.jar;D:\Code\IdeaProjects\manageSystem-ssm\ms-ssm-service\target\ms-ssm-service-1.0-SNAPSHOT.jar;D:\Code\IdeaProjects\manageSystem-ssm\ms-ssm-dao\target\ms-ssm-dao-1.0-SNAPSHOT.jar;E:\maven-repository\com\fasterxml\jackson\core\jackson-databind\2.9.7\jackson-databind-2.9.7.jar;E:\maven-repository\com\fasterxml\jackson\core\jackson-annotations\2.9.0\jackson-annotations-2.9.0.jar;E:\maven-repository\com\fasterxml\jackson\core\jackson-core\2.9.7\jackson-core-2.9.7.jar;E:\maven-repository\com\github\pagehelper\pagehelper\5.1.2\pagehelper-5.1.2.jar;E:\maven-repository\com\github\jsqlparser\jsqlparser\1.0\jsqlparser-1.0.jar;E:\maven-repository\javax\annotation\javax.annotation-api\1.3.1\javax.annotation-api-1.3.1.jar;E:\maven-repository\org\springframework\security\spring-security-web\5.0.1.RELEASE\spring-security-web-5.0.1.RELEASE.jar;E:\maven-repository\org\springframework\spring-expression\5.0.3.RELEASE\spring-expression-5.0.3.RELEASE.jar;E:\maven-repository\org\springframework\security\spring-security-config\5.0.1.RELEASE\spring-security-config-5.0.1.RELEASE.jar;E:\maven-repository\org\springframework\security\spring-security-core\5.0.1.RELEASE\spring-security-core-5.0.1.RELEASE.jar;E:\maven-repository\org\springframework\security\spring-security-taglibs\5.0.1.RELEASE\spring-security-taglibs-5.0.1.RELEASE.jar;E:\maven-repository\org\springframework\security\spring-security-acl\5.0.1.RELEASE\spring-security-acl-5.0.1.RELEASE.jar;E:\maven-repository\org\aspectj\aspectjweaver\1.6.8\aspectjweaver-1.6.8.jar;E:\maven-repository\org\springframework\spring-aop\5.0.2.RELEASE\spring-aop-5.0.2.RELEASE.jar;E:\maven-repository\org\springframework\spring-context\5.0.2.RELEASE\spring-context-5.0.2.RELEASE.jar;E:\maven-repository\org\springframework\spring-context-support\5.0.2.RELEASE\spring-context-support-5.0.2.RELEASE.jar;E:\maven-repository\org\springframework\spring-web\5.0.2.RELEASE\spring-web-5.0.2.RELEASE.jar;E:\maven-repository\org\springframework\spring-orm\5.0.2.RELEASE\spring-orm-5.0.2.RELEASE.jar;E:\maven-repository\org\springframework\spring-jdbc\5.0.2.RELEASE\spring-jdbc-5.0.2.RELEASE.jar;E:\maven-repository\org\springframework\spring-beans\5.0.2.RELEASE\spring-beans-5.0.2.RELEASE.jar;E:\maven-repository\org\springframework\spring-core\5.0.2.RELEASE\spring-core-5.0.2.RELEASE.jar;E:\maven-repository\org\springframework\spring-jcl\5.0.2.RELEASE\spring-jcl-5.0.2.RELEASE.jar;E:\maven-repository\org\springframework\spring-test\5.0.2.RELEASE\spring-test-5.0.2.RELEASE.jar;E:\maven-repository\org\springframework\spring-webmvc\5.0.2.RELEASE\spring-webmvc-5.0.2.RELEASE.jar;E:\maven-repository\org\springframework\spring-tx\5.0.2.RELEASE\spring-tx-5.0.2.RELEASE.jar;E:\maven-repository\javax\servlet\javax.servlet-api\3.1.0\javax.servlet-api-3.1.0.jar;E:\maven-repository\javax\servlet\jsp\jsp-api\2.0\jsp-api-2.0.jar;E:\maven-repository\jstl\jstl\1.2\jstl-1.2.jar;E:\maven-repository\log4j\log4j\1.2.12\log4j-1.2.12.jar;E:\maven-repository\org\slf4j\slf4j-api\1.6.6\slf4j-api-1.6.6.jar;E:\maven-repository\org\slf4j\slf4j-log4j12\1.6.6\slf4j-log4j12-1.6.6.jar;E:\maven-repository\org\mybatis\mybatis\3.4.5\mybatis-3.4.5.jar;E:\maven-repository\org\mybatis\mybatis-spring\1.3.0\mybatis-spring-1.3.0.jar;E:\maven-repository\c3p0\c3p0\0.9.1.2\c3p0-0.9.1.2.jar;E:\maven-repository\mysql\mysql-connector-java\5.1.6\mysql-connector-java-5.1.6.jar;E:\maven-repository\javax\annotation\jsr250-api\1.0\jsr250-api-1.0.jar;E:\maven-repository\org\projectlombok\lombok\1.16.16\lombok-1.16.16.jar;, java.specification.name=Java Platform API Specification, java.class.version=52.0, sun.management.compiler=HotSpot 64-Bit Tiered Compilers, maven.repo.local=E:\maven-repository, idea.version2019.3.3=true, os.version=10.0, user.home=C:\Users\xm, user.timezone=Asia/Shanghai, java.awt.printerjob=sun.awt.windows.WPrinterJob, file.encoding=GBK, java.specification.version=1.8, java.class.path=D:\Code\IdeaProjects\manageSystem-ssm\ms-ssm-web\target\test-classes;D:\Code\IdeaProjects\manageSystem-ssm\ms-ssm-web\target\classes;E:\maven-repository\junit\junit\4.12\junit-4.12.jar;E:\maven-repository\org\hamcrest\hamcrest-core\1.3\hamcrest-core-1.3.jar;D:\Code\IdeaProjects\manageSystem-ssm\ms-ssm-domain\target\ms-ssm-domain-1.0-SNAPSHOT.jar;D:\Code\IdeaProjects\manageSystem-ssm\ms-ssm-utils\target\ms-ssm-utils-1.0-SNAPSHOT.jar;D:\Code\IdeaProjects\manageSystem-ssm\ms-ssm-service\target\ms-ssm-service-1.0-SNAPSHOT.jar;D:\Code\IdeaProjects\manageSystem-ssm\ms-ssm-dao\target\ms-ssm-dao-1.0-SNAPSHOT.jar;E:\maven-repository\com\fasterxml\jackson\core\jackson-databind\2.9.7\jackson-databind-2.9.7.jar;E:\maven-repository\com\fasterxml\jackson\core\jackson-annotations\2.9.0\jackson-annotations-2.9.0.jar;E:\maven-repository\com\fasterxml\jackson\core\jackson-core\2.9.7\jackson-core-2.9.7.jar;E:\maven-repository\com\github\pagehelper\pagehelper\5.1.2\pagehelper-5.1.2.jar;E:\maven-repository\com\github\jsqlparser\jsqlparser\1.0\jsqlparser-1.0.jar;E:\maven-repository\javax\annotation\javax.annotation-api\1.3.1\javax.annotation-api-1.3.1.jar;E:\maven-repository\org\springframework\security\spring-security-web\5.0.1.RELEASE\spring-security-web-5.0.1.RELEASE.jar;E:\maven-repository\org\springframework\spring-expression\5.0.3.RELEASE\spring-expression-5.0.3.RELEASE.jar;E:\maven-repository\org\springframework\security\spring-security-config\5.0.1.RELEASE\spring-security-config-5.0.1.RELEASE.jar;E:\maven-repository\org\springframework\security\spring-security-core\5.0.1.RELEASE\spring-security-core-5.0.1.RELEASE.jar;E:\maven-repository\org\springframework\security\spring-security-taglibs\5.0.1.RELEASE\spring-security-taglibs-5.0.1.RELEASE.jar;E:\maven-repository\org\springframework\security\spring-security-acl\5.0.1.RELEASE\spring-security-acl-5.0.1.RELEASE.jar;E:\maven-repository\org\aspectj\aspectjweaver\1.6.8\aspectjweaver-1.6.8.jar;E:\maven-repository\org\springframework\spring-aop\5.0.2.RELEASE\spring-aop-5.0.2.RELEASE.jar;E:\maven-repository\org\springframework\spring-context\5.0.2.RELEASE\spring-context-5.0.2.RELEASE.jar;E:\maven-repository\org\springframework\spring-context-support\5.0.2.RELEASE\spring-context-support-5.0.2.RELEASE.jar;E:\maven-repository\org\springframework\spring-web\5.0.2.RELEASE\spring-web-5.0.2.RELEASE.jar;E:\maven-repository\org\springframework\spring-orm\5.0.2.RELEASE\spring-orm-5.0.2.RELEASE.jar;E:\maven-repository\org\springframework\spring-jdbc\5.0.2.RELEASE\spring-jdbc-5.0.2.RELEASE.jar;E:\maven-repository\org\springframework\spring-beans\5.0.2.RELEASE\spring-beans-5.0.2.RELEASE.jar;E:\maven-repository\org\springframework\spring-core\5.0.2.RELEASE\spring-core-5.0.2.RELEASE.jar;E:\maven-repository\org\springframework\spring-jcl\5.0.2.RELEASE\spring-jcl-5.0.2.RELEASE.jar;E:\maven-repository\org\springframework\spring-test\5.0.2.RELEASE\spring-test-5.0.2.RELEASE.jar;E:\maven-repository\org\springframework\spring-webmvc\5.0.2.RELEASE\spring-webmvc-5.0.2.RELEASE.jar;E:\maven-repository\org\springframework\spring-tx\5.0.2.RELEASE\spring-tx-5.0.2.RELEASE.jar;E:\maven-repository\javax\servlet\javax.servlet-api\3.1.0\javax.servlet-api-3.1.0.jar;E:\maven-repository\javax\servlet\jsp\jsp-api\2.0\jsp-api-2.0.jar;E:\maven-repository\jstl\jstl\1.2\jstl-1.2.jar;E:\maven-repository\log4j\log4j\1.2.12\log4j-1.2.12.jar;E:\maven-repository\org\slf4j\slf4j-api\1.6.6\slf4j-api-1.6.6.jar;E:\maven-repository\org\slf4j\slf4j-log4j12\1.6.6\slf4j-log4j12-1.6.6.jar;E:\maven-repository\org\mybatis\mybatis\3.4.5\mybatis-3.4.5.jar;E:\maven-repository\org\mybatis\mybatis-spring\1.3.0\mybatis-spring-1.3.0.jar;E:\maven-repository\c3p0\c3p0\0.9.1.2\c3p0-0.9.1.2.jar;E:\maven-repository\mysql\mysql-connector-java\5.1.6\mysql-connector-java-5.1.6.jar;E:\maven-repository\javax\annotation\jsr250-api\1.0\jsr250-api-1.0.jar;E:\maven-repository\org\projectlombok\lombok\1.16.16\lombok-1.16.16.jar;, user.name=xm, java.vm.specification.version=1.8, sun.java.command=C:\Users\xm\AppData\Local\Temp\surefire7497552715305907156\surefirebooter6811015789613867580.jar C:\Users\xm\AppData\Local\Temp\surefire7497552715305907156 2020-04-25T21-46-33_033-jvmRun1 surefire7780568927660488430tmp surefire_03629623413987528247tmp, java.home=C:\Program Files\Java\jdk1.8.0_131\jre, sun.arch.data.model=64, user.language=zh, java.specification.vendor=Oracle Corporation, awt.toolkit=sun.awt.windows.WToolkit, java.vm.info=mixed mode, java.version=1.8.0_131, java.ext.dirs=C:\Program Files\Java\jdk1.8.0_131\jre\lib\ext;C:\Windows\Sun\Java\lib\ext, sun.boot.class.path=C:\Program Files\Java\jdk1.8.0_131\jre\lib\resources.jar;C:\Program Files\Java\jdk1.8.0_131\jre\lib\rt.jar;C:\Program Files\Java\jdk1.8.0_131\jre\lib\sunrsasign.jar;C:\Program Files\Java\jdk1.8.0_131\jre\lib\jsse.jar;C:\Program Files\Java\jdk1.8.0_131\jre\lib\jce.jar;C:\Program Files\Java\jdk1.8.0_131\jre\lib\charsets.jar;C:\Program Files\Java\jdk1.8.0_131\jre\lib\jfr.jar;C:\Program Files\Java\jdk1.8.0_131\jre\classes, java.vendor=Oracle Corporation, localRepository=E:\maven-repository, file.separator=\, java.vendor.url.bug=http://bugreport.sun.com/bugreport/, sun.io.unicode.encoding=UnicodeLittle, sun.cpu.endian=little, sun.desktop=windows, sun.cpu.isalist=amd64}}, SystemEnvironmentPropertySource@2089016471 {name='systemEnvironment', properties={PATH=D:\MyProgram\orcl\bin;D:\MyProgram\Anaconda3;D:\MyProgram\Anaconda3\Library\mingw-w64\bin;D:\MyProgram\Anaconda3\Library\usr\bin;D:\MyProgram\Anaconda3\Library\bin;D:\MyProgram\Anaconda3\Scripts;C:\ProgramData\Oracle\Java\javapath;C:\Windows\system32;C:\Windows;C:\Windows\System32\Wbem;C:\Windows\System32\WindowsPowerShell\v1.0\;C:\Windows\System32\OpenSSH\;C:\Program Files\Java\jdk1.8.0_131\bin;C:\Program Files\Java\jdk1.8.0_131\jre\bin;C:\Program Files (x86)\MySQL\MySQL Server 5.5\bin;D:\MyProgram\Git\cmd;D:\Maven\bin\;D:\MyProgram\redis-2.8.9;D:\Maven_V_354\apache-maven-3.5.4\bin\;D:\MyProgram\nodejs\;D:\MyProgram\nodejs\npm_modules\;D:\MyProgram\erl10.4\bin;D:\MyProgram\ffmpeg\bin\;D:\MyProgram\OpenSSL-Win64\bin\;D:\MyProgram\Ruby25-x64\bin;C:\Users\xm\AppData\Local\Microsoft\WindowsApps;;D:\MyProgram\JetBrains\IntelliJ IDEA 2019.3.3\bin;;D:\MyProgram\Microsoft VS Code\bin;D:\MyProgram\JetBrains\PyCharm 2019.3.3\bin;;D:\MyProgram\JetBrains\WebStorm 2019.3.3\bin;;C:\Users\xm\AppData\Roaming\npm, USERDOMAIN_ROAMINGPROFILE=DESKTOP-9ENUAHE, PROCESSOR_LEVEL=23, SYSTEMDRIVE=C:, SESSIONNAME=Console, ALLUSERSPROFILE=C:\ProgramData, PROCESSOR_ARCHITECTURE=AMD64, DRIVERDATA=C:\Windows\System32\Drivers\DriverData, MAVEN_HOME=D:\Maven, PROGRAMFILES=C:\Program Files, PSMODULEPATH=C:\Program Files\WindowsPowerShell\Modules;C:\Windows\system32\WindowsPowerShell\v1.0\Modules, PROGRAMDATA=C:\ProgramData, USERNAME=xm, FPS_BROWSER_USER_PROFILE_STRING=Default, ONEDRIVE=C:\Users\xm\OneDrive, PATHEXT=.COM;.EXE;.BAT;.CMD;.VBS;.VBE;.JS;.JSE;.WSF;.WSH;.MSC;.RB;.RBW, MAVEN_HOME2=D:\Maven_V_354\apache-maven-3.5.4, WINDIR=C:\Windows, HOMEPATH=\Users\xm, PROCESSOR_IDENTIFIER=AMD64 Family 23 Model 8 Stepping 2, AuthenticAMD, PUBLIC=C:\Users\Public, =::=::\, LOCALAPPDATA=C:\Users\xm\AppData\Local, COMMONPROGRAMFILES(X86)=C:\Program Files (x86)\Common Files, USERDOMAIN=DESKTOP-9ENUAHE, FPS_BROWSER_APP_PROFILE_STRING=Internet Explorer, LOGONSERVER=\\DESKTOP-9ENUAHE, JAVA_HOME=C:\Program Files\Java\jdk1.8.0_131, PROMPT=$P$G, PROGRAMFILES(X86)=C:\Program Files (x86), INTELLIJ IDEA=D:\MyProgram\JetBrains\IntelliJ IDEA 2019.3.3\bin;, ERLANG_HOME=D:\MyProgram\erl10.4, APPDATA=C:\Users\xm\AppData\Roaming, PROGRAMW6432=C:\Program Files, SYSTEMROOT=C:\Windows, PERL5LIB=D:\MyProgram\orcl\perl\5.8.3\lib\MSWin32-x86;D:\MyProgram\orcl\perl\5.8.3\lib;D:\MyProgram\orcl\perl\5.8.3\lib\MSWin32-x86;D:\MyProgram\orcl\perl\site\5.8.3;D:\MyProgram\orcl\perl\site\5.8.3\lib;D:\MyProgram\orcl\sysman\admin\scripts;, OS=Windows_NT, COMMONPROGRAMW6432=C:\Program Files\Common Files, COMPUTERNAME=DESKTOP-9ENUAHE, COMMONPROGRAMFILES=C:\Program Files\Common Files, COMSPEC=C:\Windows\system32\cmd.exe, CATALINA_HOME=D:\MyProgram\Tomcat\apache-tomcat-7.0.100, PROCESSOR_REVISION=0802, CLASSPATH=.;C:\Program Files\Java\jdk1.8.0_131\lib;C:\Program Files\Java\jdk1.8.0_131\lib\tools.jar, PYCHARM=D:\MyProgram\JetBrains\PyCharm 2019.3.3\bin;, RUBYOPT=-Eutf-8, =D:=D:\Code\IdeaProjects\manageSystem-ssm\ms-ssm-web, TEMP=C:\Users\xm\AppData\Local\Temp, HOMEDRIVE=C:, USERPROFILE=C:\Users\xm, TMP=C:\Users\xm\AppData\Local\Temp, WEBSTORM=D:\MyProgram\JetBrains\WebStorm 2019.3.3\bin;, NUMBER_OF_PROCESSORS=12, IDEA_INITIAL_DIRECTORY=C:\Users\xm\Desktop}}]
2020-04-25 21:46:34,139 399    [           main] DEBUG atchingResourcePatternResolver  - Resolved classpath location [com/xumeng/dao/] to resources [URL [jar:file:/D:/Code/IdeaProjects/manageSystem-ssm/ms-ssm-dao/target/ms-ssm-dao-1.0-SNAPSHOT.jar!/com/xumeng/dao/]]
2020-04-25 21:46:34,139 399    [           main] DEBUG atchingResourcePatternResolver  - Looking for matching resources in jar file [file:/D:/Code/IdeaProjects/manageSystem-ssm/ms-ssm-dao/target/ms-ssm-dao-1.0-SNAPSHOT.jar]
2020-04-25 21:46:34,140 400    [           main] DEBUG atchingResourcePatternResolver  - Resolved location pattern [classpath*:com/xumeng/dao/**/*.class] to resources [URL [jar:file:/D:/Code/IdeaProjects/manageSystem-ssm/ms-ssm-dao/target/ms-ssm-dao-1.0-SNAPSHOT.jar!/com/xumeng/dao/IMemberDao.class], URL [jar:file:/D:/Code/IdeaProjects/manageSystem-ssm/ms-ssm-dao/target/ms-ssm-dao-1.0-SNAPSHOT.jar!/com/xumeng/dao/IOrderDao.class], URL [jar:file:/D:/Code/IdeaProjects/manageSystem-ssm/ms-ssm-dao/target/ms-ssm-dao-1.0-SNAPSHOT.jar!/com/xumeng/dao/IPermissionDao.class], URL [jar:file:/D:/Code/IdeaProjects/manageSystem-ssm/ms-ssm-dao/target/ms-ssm-dao-1.0-SNAPSHOT.jar!/com/xumeng/dao/IProductDao.class], URL [jar:file:/D:/Code/IdeaProjects/manageSystem-ssm/ms-ssm-dao/target/ms-ssm-dao-1.0-SNAPSHOT.jar!/com/xumeng/dao/IRoleDao.class], URL [jar:file:/D:/Code/IdeaProjects/manageSystem-ssm/ms-ssm-dao/target/ms-ssm-dao-1.0-SNAPSHOT.jar!/com/xumeng/dao/ITravellerDao.class], URL [jar:file:/D:/Code/IdeaProjects/manageSystem-ssm/ms-ssm-dao/target/ms-ssm-dao-1.0-SNAPSHOT.jar!/com/xumeng/dao/IUserDao.class]]
2020-04-25 21:46:34,140 400    [           main] DEBUG .mapper.ClassPathMapperScanner  - Identified candidate component class: URL [jar:file:/D:/Code/IdeaProjects/manageSystem-ssm/ms-ssm-dao/target/ms-ssm-dao-1.0-SNAPSHOT.jar!/com/xumeng/dao/IMemberDao.class]
2020-04-25 21:46:34,140 400    [           main] DEBUG .mapper.ClassPathMapperScanner  - Identified candidate component class: URL [jar:file:/D:/Code/IdeaProjects/manageSystem-ssm/ms-ssm-dao/target/ms-ssm-dao-1.0-SNAPSHOT.jar!/com/xumeng/dao/IOrderDao.class]
2020-04-25 21:46:34,140 400    [           main] DEBUG .mapper.ClassPathMapperScanner  - Identified candidate component class: URL [jar:file:/D:/Code/IdeaProjects/manageSystem-ssm/ms-ssm-dao/target/ms-ssm-dao-1.0-SNAPSHOT.jar!/com/xumeng/dao/IPermissionDao.class]
2020-04-25 21:46:34,140 400    [           main] DEBUG .mapper.ClassPathMapperScanner  - Identified candidate component class: URL [jar:file:/D:/Code/IdeaProjects/manageSystem-ssm/ms-ssm-dao/target/ms-ssm-dao-1.0-SNAPSHOT.jar!/com/xumeng/dao/IProductDao.class]
2020-04-25 21:46:34,140 400    [           main] DEBUG .mapper.ClassPathMapperScanner  - Identified candidate component class: URL [jar:file:/D:/Code/IdeaProjects/manageSystem-ssm/ms-ssm-dao/target/ms-ssm-dao-1.0-SNAPSHOT.jar!/com/xumeng/dao/IRoleDao.class]
2020-04-25 21:46:34,140 400    [           main] DEBUG .mapper.ClassPathMapperScanner  - Identified candidate component class: URL [jar:file:/D:/Code/IdeaProjects/manageSystem-ssm/ms-ssm-dao/target/ms-ssm-dao-1.0-SNAPSHOT.jar!/com/xumeng/dao/ITravellerDao.class]
2020-04-25 21:46:34,140 400    [           main] DEBUG .mapper.ClassPathMapperScanner  - Identified candidate component class: URL [jar:file:/D:/Code/IdeaProjects/manageSystem-ssm/ms-ssm-dao/target/ms-ssm-dao-1.0-SNAPSHOT.jar!/com/xumeng/dao/IUserDao.class]
2020-04-25 21:46:34,141 401    [           main] DEBUG .mapper.ClassPathMapperScanner  - Creating MapperFactoryBean with name 'IMemberDao' and 'com.xumeng.dao.IMemberDao' mapperInterface
2020-04-25 21:46:34,142 402    [           main] DEBUG .mapper.ClassPathMapperScanner  - Enabling autowire by type for MapperFactoryBean with name 'IMemberDao'.
2020-04-25 21:46:34,142 402    [           main] DEBUG .mapper.ClassPathMapperScanner  - Creating MapperFactoryBean with name 'IOrderDao' and 'com.xumeng.dao.IOrderDao' mapperInterface
2020-04-25 21:46:34,142 402    [           main] DEBUG .mapper.ClassPathMapperScanner  - Enabling autowire by type for MapperFactoryBean with name 'IOrderDao'.
2020-04-25 21:46:34,142 402    [           main] DEBUG .mapper.ClassPathMapperScanner  - Creating MapperFactoryBean with name 'IPermissionDao' and 'com.xumeng.dao.IPermissionDao' mapperInterface
2020-04-25 21:46:34,142 402    [           main] DEBUG .mapper.ClassPathMapperScanner  - Enabling autowire by type for MapperFactoryBean with name 'IPermissionDao'.
2020-04-25 21:46:34,142 402    [           main] DEBUG .mapper.ClassPathMapperScanner  - Creating MapperFactoryBean with name 'IProductDao' and 'com.xumeng.dao.IProductDao' mapperInterface
2020-04-25 21:46:34,142 402    [           main] DEBUG .mapper.ClassPathMapperScanner  - Enabling autowire by type for MapperFactoryBean with name 'IProductDao'.
2020-04-25 21:46:34,143 403    [           main] DEBUG .mapper.ClassPathMapperScanner  - Creating MapperFactoryBean with name 'IRoleDao' and 'com.xumeng.dao.IRoleDao' mapperInterface
2020-04-25 21:46:34,143 403    [           main] DEBUG .mapper.ClassPathMapperScanner  - Enabling autowire by type for MapperFactoryBean with name 'IRoleDao'.
2020-04-25 21:46:34,143 403    [           main] DEBUG .mapper.ClassPathMapperScanner  - Creating MapperFactoryBean with name 'ITravellerDao' and 'com.xumeng.dao.ITravellerDao' mapperInterface
2020-04-25 21:46:34,143 403    [           main] DEBUG .mapper.ClassPathMapperScanner  - Enabling autowire by type for MapperFactoryBean with name 'ITravellerDao'.
2020-04-25 21:46:34,143 403    [           main] DEBUG .mapper.ClassPathMapperScanner  - Creating MapperFactoryBean with name 'IUserDao' and 'com.xumeng.dao.IUserDao' mapperInterface
2020-04-25 21:46:34,143 403    [           main] DEBUG .mapper.ClassPathMapperScanner  - Enabling autowire by type for MapperFactoryBean with name 'IUserDao'.
2020-04-25 21:46:34,147 407    [           main] DEBUG ort.DefaultListableBeanFactory  - Creating shared instance of singleton bean 'org.springframework.context.support.PropertySourcesPlaceholderConfigurer#0'
2020-04-25 21:46:34,148 408    [           main] DEBUG ort.DefaultListableBeanFactory  - Creating instance of bean 'org.springframework.context.support.PropertySourcesPlaceholderConfigurer#0'
2020-04-25 21:46:34,148 408    [           main] DEBUG ort.DefaultListableBeanFactory  - Eagerly caching bean 'org.springframework.context.support.PropertySourcesPlaceholderConfigurer#0' to allow for resolving potential circular references
2020-04-25 21:46:34,157 417    [           main] DEBUG ort.DefaultListableBeanFactory  - Finished creating instance of bean 'org.springframework.context.support.PropertySourcesPlaceholderConfigurer#0'
2020-04-25 21:46:34,158 418    [           main] DEBUG ore.env.MutablePropertySources  - Adding PropertySource 'environmentProperties' with lowest search precedence
2020-04-25 21:46:34,158 418    [           main] DEBUG tySourcesPlaceholderConfigurer  - Loading properties file from class path resource [db.properties]
2020-04-25 21:46:34,159 419    [           main] DEBUG ore.env.MutablePropertySources  - Adding PropertySource 'localProperties' with lowest search precedence
2020-04-25 21:46:34,160 420    [           main] DEBUG ropertySourcesPropertyResolver  - Could not find key 'jdbc.driver' in any property source
2020-04-25 21:46:34,161 421    [           main] DEBUG ropertySourcesPropertyResolver  - Found key 'jdbc.driver' in PropertySource 'localProperties' with value of type String
2020-04-25 21:46:34,161 421    [           main] DEBUG ropertySourcesPropertyResolver  - Could not find key 'jdbc.url' in any property source
2020-04-25 21:46:34,161 421    [           main] DEBUG ropertySourcesPropertyResolver  - Found key 'jdbc.url' in PropertySource 'localProperties' with value of type String
2020-04-25 21:46:34,161 421    [           main] DEBUG ropertySourcesPropertyResolver  - Could not find key 'jdbc.username' in any property source
2020-04-25 21:46:34,161 421    [           main] DEBUG ropertySourcesPropertyResolver  - Found key 'jdbc.username' in PropertySource 'localProperties' with value of type String
2020-04-25 21:46:34,161 421    [           main] DEBUG ropertySourcesPropertyResolver  - Could not find key 'jdbc.password' in any property source
2020-04-25 21:46:34,161 421    [           main] DEBUG ropertySourcesPropertyResolver  - Found key 'jdbc.password' in PropertySource 'localProperties' with value of type String
2020-04-25 21:46:34,163 423    [           main] DEBUG ort.DefaultListableBeanFactory  - Creating shared instance of singleton bean 'org.springframework.context.annotation.internalAutowiredAnnotationProcessor'
2020-04-25 21:46:34,163 423    [           main] DEBUG ort.DefaultListableBeanFactory  - Creating instance of bean 'org.springframework.context.annotation.internalAutowiredAnnotationProcessor'
2020-04-25 21:46:34,163 423    [           main] DEBUG ort.DefaultListableBeanFactory  - Eagerly caching bean 'org.springframework.context.annotation.internalAutowiredAnnotationProcessor' to allow for resolving potential circular references
2020-04-25 21:46:34,168 428    [           main] DEBUG ort.DefaultListableBeanFactory  - Finished creating instance of bean 'org.springframework.context.annotation.internalAutowiredAnnotationProcessor'
2020-04-25 21:46:34,168 428    [           main] DEBUG ort.DefaultListableBeanFactory  - Creating shared instance of singleton bean 'org.springframework.context.annotation.internalRequiredAnnotationProcessor'
2020-04-25 21:46:34,168 428    [           main] DEBUG ort.DefaultListableBeanFactory  - Creating instance of bean 'org.springframework.context.annotation.internalRequiredAnnotationProcessor'
2020-04-25 21:46:34,169 429    [           main] DEBUG ort.DefaultListableBeanFactory  - Eagerly caching bean 'org.springframework.context.annotation.internalRequiredAnnotationProcessor' to allow for resolving potential circular references
2020-04-25 21:46:34,172 432    [           main] DEBUG ort.DefaultListableBeanFactory  - Finished creating instance of bean 'org.springframework.context.annotation.internalRequiredAnnotationProcessor'
2020-04-25 21:46:34,172 432    [           main] DEBUG ort.DefaultListableBeanFactory  - Creating shared instance of singleton bean 'org.springframework.context.annotation.internalCommonAnnotationProcessor'
2020-04-25 21:46:34,172 432    [           main] DEBUG ort.DefaultListableBeanFactory  - Creating instance of bean 'org.springframework.context.annotation.internalCommonAnnotationProcessor'
2020-04-25 21:46:34,175 435    [           main] DEBUG ort.DefaultListableBeanFactory  - Eagerly caching bean 'org.springframework.context.annotation.internalCommonAnnotationProcessor' to allow for resolving potential circular references
2020-04-25 21:46:34,181 441    [           main] DEBUG ort.DefaultListableBeanFactory  - Finished creating instance of bean 'org.springframework.context.annotation.internalCommonAnnotationProcessor'
2020-04-25 21:46:34,181 441    [           main] DEBUG ort.DefaultListableBeanFactory  - Creating shared instance of singleton bean 'org.springframework.aop.config.internalAutoProxyCreator'
2020-04-25 21:46:34,181 441    [           main] DEBUG ort.DefaultListableBeanFactory  - Creating instance of bean 'org.springframework.aop.config.internalAutoProxyCreator'
2020-04-25 21:46:34,192 452    [           main] DEBUG ort.DefaultListableBeanFactory  - Eagerly caching bean 'org.springframework.aop.config.internalAutoProxyCreator' to allow for resolving potential circular references
2020-04-25 21:46:34,199 459    [           main] DEBUG ort.DefaultListableBeanFactory  - Finished creating instance of bean 'org.springframework.aop.config.internalAutoProxyCreator'
2020-04-25 21:46:34,201 461    [           main] DEBUG port.GenericApplicationContext  - Unable to locate MessageSource with name 'messageSource': using default [org.springframework.context.support.DelegatingMessageSource@4e7912d8]
[...]
2020-04-25 21:46:36,217 2477   [           main] DEBUG ort.DefaultListableBeanFactory  - Returning cached instance of singleton bean 'org.springframework.transaction.config.internalTransactionAdvisor'
2020-04-25 21:46:36,217 2477   [           main] DEBUG tionTransactionAttributeSource  - Adding transactional method 'com.xumeng.service.impl.ProductServiceImpl.delete' with attribute: PROPAGATION_REQUIRED,ISOLATION_DEFAULT; ''
2020-04-25 21:46:36,217 2477   [           main] DEBUG ructureAdvisorAutoProxyCreator  - Creating implicit proxy for bean 'productServiceImpl' with 0 common interceptors and 1 specific interceptors
2020-04-25 21:46:36,217 2477   [           main] DEBUG p.framework.JdkDynamicAopProxy  - Creating JDK dynamic proxy: target source is SingletonTargetSource for target object [com.xumeng.service.impl.ProductServiceImpl@fd0e5b6]
2020-04-25 21:46:36,217 2477   [           main] DEBUG ort.DefaultListableBeanFactory  - Finished creating instance of bean 'productServiceImpl'
2020-04-25 21:46:36,217 2477   [           main] DEBUG ort.DefaultListableBeanFactory  - Creating shared instance of singleton bean 'travellerServiceImpl'
2020-04-25 21:46:36,217 2477   [           main] DEBUG ort.DefaultListableBeanFactory  - Creating instance of bean 'travellerServiceImpl'
2020-04-25 21:46:36,217 2477   [           main] DEBUG y.annotation.InjectionMetadata  - Registered injected element on class [com.xumeng.service.impl.TravellerServiceImpl]: AutowiredFieldElement for private com.xumeng.dao.ITravellerDao com.xumeng.service.impl.TravellerServiceImpl.travellerDao
2020-04-25 21:46:36,217 2477   [           main] DEBUG y.annotation.InjectionMetadata  - Registered injected element on class [com.xumeng.service.impl.TravellerServiceImpl]: AutowiredFieldElement for private com.xumeng.dao.IOrderDao com.xumeng.service.impl.TravellerServiceImpl.orderDao
2020-04-25 21:46:36,217 2477   [           main] DEBUG ort.DefaultListableBeanFactory  - Eagerly caching bean 'travellerServiceImpl' to allow for resolving potential circular references
2020-04-25 21:46:36,218 2478   [           main] DEBUG y.annotation.InjectionMetadata  - Processing injected element of bean 'travellerServiceImpl': AutowiredFieldElement for private com.xumeng.dao.ITravellerDao com.xumeng.service.impl.TravellerServiceImpl.travellerDao
2020-04-25 21:46:36,218 2478   [           main] DEBUG ore.annotation.AnnotationUtils  - Failed to meta-introspect annotation [interface org.springframework.beans.factory.annotation.Autowired]: java.lang.IllegalArgumentException: Annotation must not be null
2020-04-25 21:46:36,218 2478   [           main] DEBUG ort.DefaultListableBeanFactory  - Creating shared instance of singleton bean 'ITravellerDao'
2020-04-25 21:46:36,218 2478   [           main] DEBUG ort.DefaultListableBeanFactory  - Creating instance of bean 'ITravellerDao'
2020-04-25 21:46:36,218 2478   [           main] DEBUG ort.DefaultListableBeanFactory  - Eagerly caching bean 'ITravellerDao' to allow for resolving potential circular references
2020-04-25 21:46:36,218 2478   [           main] DEBUG ort.DefaultListableBeanFactory  - Returning cached instance of singleton bean 'sqlSessionFactory'
2020-04-25 21:46:36,218 2478   [           main] DEBUG ort.DefaultListableBeanFactory  - Autowiring by type from bean name 'ITravellerDao' via property 'sqlSessionFactory' to bean named 'sqlSessionFactory'
2020-04-25 21:46:36,219 2479   [           main] DEBUG ort.DefaultListableBeanFactory  - Invoking afterPropertiesSet() on bean with name 'ITravellerDao'
2020-04-25 21:46:36,219 2479   [           main] DEBUG ort.DefaultListableBeanFactory  - Returning cached instance of singleton bean 'org.springframework.transaction.config.internalTransactionAdvisor'
2020-04-25 21:46:36,219 2479   [           main] DEBUG ort.DefaultListableBeanFactory  - Finished creating instance of bean 'ITravellerDao'
2020-04-25 21:46:36,219 2479   [           main] DEBUG ort.DefaultListableBeanFactory  - Returning cached instance of singleton bean 'org.springframework.transaction.config.internalTransactionAdvisor'
2020-04-25 21:46:36,219 2479   [           main] DEBUG redAnnotationBeanPostProcessor  - Autowiring by type from bean name 'travellerServiceImpl' to bean named 'ITravellerDao'
2020-04-25 21:46:36,219 2479   [           main] DEBUG y.annotation.InjectionMetadata  - Processing injected element of bean 'travellerServiceImpl': AutowiredFieldElement for private com.xumeng.dao.IOrderDao com.xumeng.service.impl.TravellerServiceImpl.orderDao
2020-04-25 21:46:36,219 2479   [           main] DEBUG ore.annotation.AnnotationUtils  - Failed to meta-introspect annotation [interface org.springframework.beans.factory.annotation.Autowired]: java.lang.IllegalArgumentException: Annotation must not be null
2020-04-25 21:46:36,219 2479   [           main] DEBUG ort.DefaultListableBeanFactory  - Returning cached instance of singleton bean 'IOrderDao'
2020-04-25 21:46:36,219 2479   [           main] DEBUG redAnnotationBeanPostProcessor  - Autowiring by type from bean name 'travellerServiceImpl' to bean named 'IOrderDao'
2020-04-25 21:46:36,219 2479   [           main] DEBUG ort.DefaultListableBeanFactory  - Returning cached instance of singleton bean 'org.springframework.transaction.config.internalTransactionAdvisor'
2020-04-25 21:46:36,220 2480   [           main] DEBUG tionTransactionAttributeSource  - Adding transactional method 'com.xumeng.service.impl.TravellerServiceImpl.findAll' with attribute: PROPAGATION_REQUIRED,ISOLATION_DEFAULT; ''
2020-04-25 21:46:36,220 2480   [           main] DEBUG ructureAdvisorAutoProxyCreator  - Creating implicit proxy for bean 'travellerServiceImpl' with 0 common interceptors and 1 specific interceptors
2020-04-25 21:46:36,220 2480   [           main] DEBUG p.framework.JdkDynamicAopProxy  - Creating JDK dynamic proxy: target source is SingletonTargetSource for target object [com.xumeng.service.impl.TravellerServiceImpl@716a7124]
2020-04-25 21:46:36,220 2480   [           main] DEBUG ort.DefaultListableBeanFactory  - Finished creating instance of bean 'travellerServiceImpl'
2020-04-25 21:46:36,220 2480   [           main] DEBUG ort.DefaultListableBeanFactory  - Creating shared instance of singleton bean 'userService'
2020-04-25 21:46:36,220 2480   [           main] DEBUG ort.DefaultListableBeanFactory  - Creating instance of bean 'userService'
2020-04-25 21:46:36,220 2480   [           main] DEBUG y.annotation.InjectionMetadata  - Registered injected element on class [com.xumeng.service.impl.UserServiceImpl]: AutowiredFieldElement for private com.xumeng.dao.IUserDao com.xumeng.service.impl.UserServiceImpl.userDao
2020-04-25 21:46:36,220 2480   [           main] DEBUG y.annotation.InjectionMetadata  - Registered injected element on class [com.xumeng.service.impl.UserServiceImpl]: AutowiredFieldElement for private org.springframework.security.crypto.password.PasswordEncoder com.xumeng.service.impl.UserServiceImpl.passwordEncoder
2020-04-25 21:46:36,220 2480   [           main] DEBUG ort.DefaultListableBeanFactory  - Eagerly caching bean 'userService' to allow for resolving potential circular references
2020-04-25 21:46:36,221 2481   [           main] DEBUG y.annotation.InjectionMetadata  - Processing injected element of bean 'userService': AutowiredFieldElement for private com.xumeng.dao.IUserDao com.xumeng.service.impl.UserServiceImpl.userDao
2020-04-25 21:46:36,221 2481   [           main] DEBUG ore.annotation.AnnotationUtils  - Failed to meta-introspect annotation [interface org.springframework.beans.factory.annotation.Autowired]: java.lang.IllegalArgumentException: Annotation must not be null
2020-04-25 21:46:36,221 2481   [           main] DEBUG ort.DefaultListableBeanFactory  - Creating shared instance of singleton bean 'IUserDao'
2020-04-25 21:46:36,221 2481   [           main] DEBUG ort.DefaultListableBeanFactory  - Creating instance of bean 'IUserDao'
2020-04-25 21:46:36,221 2481   [           main] DEBUG ort.DefaultListableBeanFactory  - Eagerly caching bean 'IUserDao' to allow for resolving potential circular references
2020-04-25 21:46:36,222 2482   [           main] DEBUG ort.DefaultListableBeanFactory  - Returning cached instance of singleton bean 'sqlSessionFactory'
2020-04-25 21:46:36,222 2482   [           main] DEBUG ort.DefaultListableBeanFactory  - Autowiring by type from bean name 'IUserDao' via property 'sqlSessionFactory' to bean named 'sqlSessionFactory'
2020-04-25 21:46:36,222 2482   [           main] DEBUG ort.DefaultListableBeanFactory  - Invoking afterPropertiesSet() on bean with name 'IUserDao'
2020-04-25 21:46:36,222 2482   [           main] DEBUG ort.DefaultListableBeanFactory  - Returning cached instance of singleton bean 'org.springframework.transaction.config.internalTransactionAdvisor'
2020-04-25 21:46:36,222 2482   [           main] DEBUG ort.DefaultListableBeanFactory  - Finished creating instance of bean 'IUserDao'
2020-04-25 21:46:36,222 2482   [           main] DEBUG ort.DefaultListableBeanFactory  - Returning cached instance of singleton bean 'org.springframework.transaction.config.internalTransactionAdvisor'
2020-04-25 21:46:36,222 2482   [           main] DEBUG redAnnotationBeanPostProcessor  - Autowiring by type from bean name 'userService' to bean named 'IUserDao'
2020-04-25 21:46:36,222 2482   [           main] DEBUG y.annotation.InjectionMetadata  - Processing injected element of bean 'userService': AutowiredFieldElement for private org.springframework.security.crypto.password.PasswordEncoder com.xumeng.service.impl.UserServiceImpl.passwordEncoder
2020-04-25 21:46:36,222 2482   [           main] DEBUG ore.annotation.AnnotationUtils  - Failed to meta-introspect annotation [interface org.springframework.beans.factory.annotation.Autowired]: java.lang.IllegalArgumentException: Annotation must not be null
2020-04-25 21:46:36,223 2483   [           main] WARN  port.GenericApplicationContext  - Exception encountered during context initialization - cancelling refresh attempt: org.springframework.beans.factory.UnsatisfiedDependencyException: Error creating bean with name 'userService': Unsatisfied dependency expressed through field 'passwordEncoder'; nested exception is org.springframework.beans.factory.NoSuchBeanDefinitionException: No qualifying bean of type 'org.springframework.security.crypto.password.PasswordEncoder' available: expected at least 1 bean which qualifies as autowire candidate. Dependency annotations: {@org.springframework.beans.factory.annotation.Autowired(required=true)}
2020-04-25 21:46:36,223 2483   [           main] DEBUG ort.DefaultListableBeanFactory  - Destroying singletons in org.springframework.beans.factory.support.DefaultListableBeanFactory@f6c03cb: defining beans [memberServiceImpl,orderServiceImpl,permissionServiceImpl,productServiceImpl,travellerServiceImpl,userService,org.springframework.context.annotation.internalConfigurationAnnotationProcessor,org.springframework.context.annotation.internalAutowiredAnnotationProcessor,org.springframework.context.annotation.internalRequiredAnnotationProcessor,org.springframework.context.annotation.internalCommonAnnotationProcessor,org.springframework.context.event.internalEventListenerProcessor,org.springframework.context.event.internalEventListenerFactory,org.springframework.context.support.PropertySourcesPlaceholderConfigurer#0,dataSource,sqlSessionFactory,mapperScanner,transactionManager,org.springframework.transaction.config.internalTransactionalEventListenerFactory,org.springframework.aop.config.internalAutoProxyCreator,org.springframework.transaction.annotation.AnnotationTransactionAttributeSource#0,org.springframework.transaction.interceptor.TransactionInterceptor#0,org.springframework.transaction.config.internalTransactionAdvisor,IMemberDao,IOrderDao,IPermissionDao,IProductDao,IRoleDao,ITravellerDao,IUserDao]; root of factory hierarchy
2020-04-25 21:46:36,223 2483   [           main] DEBUG ort.DefaultListableBeanFactory  - Retrieved dependent beans for bean 'sqlSessionFactory': [IMemberDao, IOrderDao, IProductDao, ITravellerDao, IUserDao]
2020-04-25 21:46:36,223 2483   [           main] DEBUG ort.DefaultListableBeanFactory  - Retrieved dependent beans for bean 'IMemberDao': [memberServiceImpl]
2020-04-25 21:46:36,223 2483   [           main] DEBUG ort.DefaultListableBeanFactory  - Retrieved dependent beans for bean 'IOrderDao': [orderServiceImpl, travellerServiceImpl]
2020-04-25 21:46:36,223 2483   [           main] DEBUG ort.DefaultListableBeanFactory  - Retrieved dependent beans for bean 'IProductDao': [productServiceImpl]
2020-04-25 21:46:36,223 2483   [           main] DEBUG ort.DefaultListableBeanFactory  - Retrieved dependent beans for bean 'com.github.pagehelper.PageInterceptor#6e4de19b': [sqlSessionFactory]
2020-04-25 21:46:36,223 2483   [           main] ERROR est.context.TestContextManager  - Caught exception while allowing TestExecutionListener [org.springframework.test.context.support.DependencyInjectionTestExecutionListener@46daef40] to prepare test instance [com.xumeng.test.TestIOderDao@73ff4fae]
java.lang.IllegalStateException: Failed to load ApplicationContext
	at org.springframework.test.context.cache.DefaultCacheAwareContextLoaderDelegate.loadContext(DefaultCacheAwareContextLoaderDelegate.java:125)
	at org.springframework.test.context.support.DefaultTestContext.getApplicationContext(DefaultTestContext.java:107)
	at org.springframework.test.context.support.DependencyInjectionTestExecutionListener.injectDependencies(DependencyInjectionTestExecutionListener.java:117)
	at org.springframework.test.context.support.DependencyInjectionTestExecutionListener.prepareTestInstance(DependencyInjectionTestExecutionListener.java:83)
	at org.springframework.test.context.TestContextManager.prepareTestInstance(TestContextManager.java:242)
	at org.springframework.test.context.junit4.SpringJUnit4ClassRunner.createTest(SpringJUnit4ClassRunner.java:227)
	at org.springframework.test.context.junit4.SpringJUnit4ClassRunner$1.runReflectiveCall(SpringJUnit4ClassRunner.java:289)
	at org.junit.internal.runners.model.ReflectiveCallable.run(ReflectiveCallable.java:12)
	at org.springframework.test.context.junit4.SpringJUnit4ClassRunner.methodBlock(SpringJUnit4ClassRunner.java:291)
	at org.springframework.test.context.junit4.SpringJUnit4ClassRunner.runChild(SpringJUnit4ClassRunner.java:246)
	at org.springframework.test.context.junit4.SpringJUnit4ClassRunner.runChild(SpringJUnit4ClassRunner.java:97)
	at org.junit.runners.ParentRunner$3.run(ParentRunner.java:290)
	at org.junit.runners.ParentRunner$1.schedule(ParentRunner.java:71)
	at org.junit.runners.ParentRunner.runChildren(ParentRunner.java:288)
	at org.junit.runners.ParentRunner.access$000(ParentRunner.java:58)
	at org.junit.runners.ParentRunner$2.evaluate(ParentRunner.java:268)
	at org.springframework.test.context.junit4.statements.RunBeforeTestClassCallbacks.evaluate(RunBeforeTestClassCallbacks.java:61)
	at org.springframework.test.context.junit4.statements.RunAfterTestClassCallbacks.evaluate(RunAfterTestClassCallbacks.java:70)
	at org.junit.runners.ParentRunner.run(ParentRunner.java:363)
	at org.springframework.test.context.junit4.SpringJUnit4ClassRunner.run(SpringJUnit4ClassRunner.java:190)
	at org.apache.maven.surefire.junit4.JUnit4Provider.execute(JUnit4Provider.java:365)
	at org.apache.maven.surefire.junit4.JUnit4Provider.executeWithRerun(JUnit4Provider.java:273)
	at org.apache.maven.surefire.junit4.JUnit4Provider.executeTestSet(JUnit4Provider.java:238)
	at org.apache.maven.surefire.junit4.JUnit4Provider.invoke(JUnit4Provider.java:159)
	at org.apache.maven.surefire.booter.ForkedBooter.invokeProviderInSameClassLoader(ForkedBooter.java:384)
	at org.apache.maven.surefire.booter.ForkedBooter.runSuitesInProcess(ForkedBooter.java:345)
	at org.apache.maven.surefire.booter.ForkedBooter.execute(ForkedBooter.java:126)
	at org.apache.maven.surefire.booter.ForkedBooter.main(ForkedBooter.java:418)
Caused by: org.springframework.beans.factory.UnsatisfiedDependencyException: Error creating bean with name 'userService': Unsatisfied dependency expressed through field 'passwordEncoder'; nested exception is org.springframework.beans.factory.NoSuchBeanDefinitionException: No qualifying bean of type 'org.springframework.security.crypto.password.PasswordEncoder' available: expected at least 1 bean which qualifies as autowire candidate. Dependency annotations: {@org.springframework.beans.factory.annotation.Autowired(required=true)}
	at org.springframework.beans.factory.annotation.AutowiredAnnotationBeanPostProcessor$AutowiredFieldElement.inject(AutowiredAnnotationBeanPostProcessor.java:586)
	at org.springframework.beans.factory.annotation.InjectionMetadata.inject(InjectionMetadata.java:91)
	at org.springframework.beans.factory.annotation.AutowiredAnnotationBeanPostProcessor.postProcessPropertyValues(AutowiredAnnotationBeanPostProcessor.java:372)
	at org.springframework.beans.factory.support.AbstractAutowireCapableBeanFactory.populateBean(AbstractAutowireCapableBeanFactory.java:1344)
	at org.springframework.beans.factory.support.AbstractAutowireCapableBeanFactory.doCreateBean(AbstractAutowireCapableBeanFactory.java:582)
	at org.springframework.beans.factory.support.AbstractAutowireCapableBeanFactory.createBean(AbstractAutowireCapableBeanFactory.java:502)
	at org.springframework.beans.factory.support.AbstractBeanFactory.lambda$doGetBean$0(AbstractBeanFactory.java:312)
	at org.springframework.beans.factory.support.DefaultSingletonBeanRegistry.getSingleton(DefaultSingletonBeanRegistry.java:228)
	at org.springframework.beans.factory.support.AbstractBeanFactory.doGetBean(AbstractBeanFactory.java:310)
	at org.springframework.beans.factory.support.AbstractBeanFactory.getBean(AbstractBeanFactory.java:200)
	at org.springframework.beans.factory.support.DefaultListableBeanFactory.preInstantiateSingletons(DefaultListableBeanFactory.java:758)
	at org.springframework.context.support.AbstractApplicationContext.finishBeanFactoryInitialization(AbstractApplicationContext.java:868)
	at org.springframework.context.support.AbstractApplicationContext.refresh(AbstractApplicationContext.java:549)
	at org.springframework.test.context.support.AbstractGenericContextLoader.loadContext(AbstractGenericContextLoader.java:128)
	at org.springframework.test.context.support.AbstractGenericContextLoader.loadContext(AbstractGenericContextLoader.java:60)
	at org.springframework.test.context.support.AbstractDelegatingSmartContextLoader.delegateLoading(AbstractDelegatingSmartContextLoader.java:109)
	at org.springframework.test.context.support.AbstractDelegatingSmartContextLoader.loadContext(AbstractDelegatingSmartContextLoader.java:246)
	at org.springframework.test.context.cache.DefaultCacheAwareContextLoaderDelegate.loadContextInternal(DefaultCacheAwareContextLoaderDelegate.java:99)
	at org.springframework.test.context.cache.DefaultCacheAwareContextLoaderDelegate.loadContext(DefaultCacheAwareContextLoaderDelegate.java:117)
	... 27 more
Caused by: org.springframework.beans.factory.NoSuchBeanDefinitionException: No qualifying bean of type 'org.springframework.security.crypto.password.PasswordEncoder' available: expected at least 1 bean which qualifies as autowire candidate. Dependency annotations: {@org.springframework.beans.factory.annotation.Autowired(required=true)}
	at org.springframework.beans.factory.support.DefaultListableBeanFactory.raiseNoMatchingBeanFound(DefaultListableBeanFactory.java:1504)
	at org.springframework.beans.factory.support.DefaultListableBeanFactory.doResolveDependency(DefaultListableBeanFactory.java:1101)
	at org.springframework.beans.factory.support.DefaultListableBeanFactory.resolveDependency(DefaultListableBeanFactory.java:1062)
	at org.springframework.beans.factory.annotation.AutowiredAnnotationBeanPostProcessor$AutowiredFieldElement.inject(AutowiredAnnotationBeanPostProcessor.java:583)
	... 45 more
]]></system-out>
  </testcase>
</testsuite>